{"/app/src/config.js": {"path":"/app/src/config.js","statementMap":{"0":{"start":{"line":2,"column":17},"end":{"line":11,"column":1}},"1":{"start":{"line":13,"column":0},"end":{"line":17,"column":3}},"2":{"start":{"line":14,"column":2},"end":{"line":16,"column":3}},"3":{"start":{"line":15,"column":4},"end":{"line":15,"column":65}},"4":{"start":{"line":19,"column":15},"end":{"line":21,"column":1}},"5":{"start":{"line":23,"column":20},"end":{"line":27,"column":1}},"6":{"start":{"line":29,"column":21},"end":{"line":34,"column":1}},"7":{"start":{"line":36,"column":0},"end":{"line":36,"column":53}}},"fnMap":{"0":{"name":"(anonymous_0)","decl":{"start":{"line":13,"column":17},"end":{"line":13,"column":18}},"loc":{"start":{"line":13,"column":28},"end":{"line":17,"column":1}},"line":13}},"branchMap":{"0":{"loc":{"start":{"line":14,"column":2},"end":{"line":16,"column":3}},"type":"if","locations":[{"start":{"line":14,"column":2},"end":{"line":16,"column":3}},{"start":{"line":14,"column":2},"end":{"line":16,"column":3}}],"line":14}},"s":{"0":5,"1":5,"2":40,"3":0,"4":5,"5":5,"6":5,"7":5},"f":{"0":40},"b":{"0":[0,40]},"_coverageSchema":"43e27e138ebf9cfc5966b082cf9a028302ed4184","hash":"93350f7a55ffee203d03d29209df851177f2d68a"}
,"/app/src/controllers/user.controller.js": {"path":"/app/src/controllers/user.controller.js","statementMap":{"0":{"start":{"line":1,"column":20},"end":{"line":1,"column":55}},"1":{"start":{"line":2,"column":21},"end":{"line":2,"column":57}},"2":{"start":{"line":3,"column":25},"end":{"line":3,"column":55}},"3":{"start":{"line":11,"column":4},"end":{"line":11,"column":32}},"4":{"start":{"line":15,"column":19},"end":{"line":15,"column":33}},"5":{"start":{"line":17,"column":4},"end":{"line":17,"column":66}},"6":{"start":{"line":32,"column":8},"end":{"line":32,"column":16}},"7":{"start":{"line":34,"column":4},"end":{"line":47,"column":5}},"8":{"start":{"line":41,"column":6},"end":{"line":45,"column":8}},"9":{"start":{"line":46,"column":6},"end":{"line":46,"column":55}},"10":{"start":{"line":49,"column":4},"end":{"line":63,"column":5}},"11":{"start":{"line":57,"column":6},"end":{"line":61,"column":8}},"12":{"start":{"line":62,"column":6},"end":{"line":62,"column":61}},"13":{"start":{"line":65,"column":4},"end":{"line":102,"column":5}},"14":{"start":{"line":66,"column":21},"end":{"line":79,"column":7}},"15":{"start":{"line":81,"column":30},"end":{"line":83,"column":7}},"16":{"start":{"line":85,"column":6},"end":{"line":85,"column":59}},"17":{"start":{"line":86,"column":6},"end":{"line":89,"column":9}},"18":{"start":{"line":91,"column":6},"end":{"line":91,"column":73}},"19":{"start":{"line":93,"column":21},"end":{"line":93,"column":33}},"20":{"start":{"line":94,"column":18},"end":{"line":94,"column":29}},"21":{"start":{"line":95,"column":23},"end":{"line":95,"column":37}},"22":{"start":{"line":96,"column":6},"end":{"line":97,"column":60}},"23":{"start":{"line":97,"column":8},"end":{"line":97,"column":60}},"24":{"start":{"line":98,"column":6},"end":{"line":101,"column":62}},"25":{"start":{"line":99,"column":8},"end":{"line":101,"column":62}},"26":{"start":{"line":106,"column":19},"end":{"line":106,"column":33}},"27":{"start":{"line":107,"column":4},"end":{"line":107,"column":66}},"28":{"start":{"line":109,"column":32},"end":{"line":109,"column":40}},"29":{"start":{"line":111,"column":4},"end":{"line":118,"column":5}},"30":{"start":{"line":112,"column":6},"end":{"line":116,"column":8}},"31":{"start":{"line":117,"column":6},"end":{"line":117,"column":55}},"32":{"start":{"line":120,"column":4},"end":{"line":142,"column":5}},"33":{"start":{"line":121,"column":21},"end":{"line":121,"column":61}},"34":{"start":{"line":123,"column":6},"end":{"line":123,"column":59}},"35":{"start":{"line":124,"column":6},"end":{"line":124,"column":42}},"36":{"start":{"line":126,"column":6},"end":{"line":126,"column":73}},"37":{"start":{"line":128,"column":21},"end":{"line":128,"column":33}},"38":{"start":{"line":129,"column":18},"end":{"line":129,"column":29}},"39":{"start":{"line":130,"column":23},"end":{"line":130,"column":37}},"40":{"start":{"line":132,"column":6},"end":{"line":133,"column":60}},"41":{"start":{"line":133,"column":8},"end":{"line":133,"column":60}},"42":{"start":{"line":134,"column":6},"end":{"line":137,"column":62}},"43":{"start":{"line":135,"column":8},"end":{"line":137,"column":62}},"44":{"start":{"line":138,"column":6},"end":{"line":141,"column":61}},"45":{"start":{"line":139,"column":8},"end":{"line":141,"column":61}},"46":{"start":{"line":146,"column":19},"end":{"line":146,"column":33}},"47":{"start":{"line":148,"column":4},"end":{"line":148,"column":66}},"48":{"start":{"line":150,"column":18},"end":{"line":150,"column":45}},"49":{"start":{"line":152,"column":4},"end":{"line":160,"column":5}},"50":{"start":{"line":153,"column":6},"end":{"line":153,"column":32}},"51":{"start":{"line":154,"column":6},"end":{"line":154,"column":59}},"52":{"start":{"line":156,"column":6},"end":{"line":156,"column":36}},"53":{"start":{"line":158,"column":6},"end":{"line":158,"column":73}},"54":{"start":{"line":159,"column":6},"end":{"line":159,"column":58}},"55":{"start":{"line":164,"column":19},"end":{"line":164,"column":33}},"56":{"start":{"line":166,"column":4},"end":{"line":166,"column":66}},"57":{"start":{"line":168,"column":26},"end":{"line":168,"column":35}},"58":{"start":{"line":170,"column":4},"end":{"line":177,"column":5}},"59":{"start":{"line":171,"column":6},"end":{"line":175,"column":8}},"60":{"start":{"line":176,"column":6},"end":{"line":176,"column":55}},"61":{"start":{"line":179,"column":4},"end":{"line":201,"column":5}},"62":{"start":{"line":180,"column":21},"end":{"line":180,"column":63}},"63":{"start":{"line":181,"column":6},"end":{"line":181,"column":59}},"64":{"start":{"line":183,"column":6},"end":{"line":183,"column":38}},"65":{"start":{"line":185,"column":6},"end":{"line":185,"column":73}},"66":{"start":{"line":187,"column":21},"end":{"line":187,"column":33}},"67":{"start":{"line":188,"column":18},"end":{"line":188,"column":29}},"68":{"start":{"line":189,"column":23},"end":{"line":189,"column":37}},"69":{"start":{"line":191,"column":6},"end":{"line":192,"column":60}},"70":{"start":{"line":192,"column":8},"end":{"line":192,"column":60}},"71":{"start":{"line":193,"column":6},"end":{"line":196,"column":62}},"72":{"start":{"line":194,"column":8},"end":{"line":196,"column":62}},"73":{"start":{"line":197,"column":6},"end":{"line":200,"column":61}},"74":{"start":{"line":198,"column":8},"end":{"line":200,"column":61}},"75":{"start":{"line":205,"column":19},"end":{"line":205,"column":33}},"76":{"start":{"line":207,"column":4},"end":{"line":207,"column":66}},"77":{"start":{"line":209,"column":40},"end":{"line":209,"column":49}},"78":{"start":{"line":211,"column":4},"end":{"line":218,"column":5}},"79":{"start":{"line":212,"column":6},"end":{"line":216,"column":8}},"80":{"start":{"line":217,"column":6},"end":{"line":217,"column":55}},"81":{"start":{"line":220,"column":4},"end":{"line":229,"column":5}},"82":{"start":{"line":221,"column":6},"end":{"line":221,"column":59}},"83":{"start":{"line":223,"column":21},"end":{"line":223,"column":76}},"84":{"start":{"line":224,"column":6},"end":{"line":224,"column":35}},"85":{"start":{"line":226,"column":6},"end":{"line":226,"column":80}},"86":{"start":{"line":228,"column":6},"end":{"line":228,"column":58}},"87":{"start":{"line":233,"column":19},"end":{"line":233,"column":33}},"88":{"start":{"line":235,"column":4},"end":{"line":235,"column":66}},"89":{"start":{"line":237,"column":35},"end":{"line":237,"column":44}},"90":{"start":{"line":239,"column":4},"end":{"line":246,"column":5}},"91":{"start":{"line":240,"column":6},"end":{"line":244,"column":8}},"92":{"start":{"line":245,"column":6},"end":{"line":245,"column":55}},"93":{"start":{"line":248,"column":4},"end":{"line":256,"column":5}},"94":{"start":{"line":249,"column":21},"end":{"line":249,"column":76}},"95":{"start":{"line":250,"column":6},"end":{"line":250,"column":59}},"96":{"start":{"line":251,"column":6},"end":{"line":251,"column":35}},"97":{"start":{"line":253,"column":6},"end":{"line":253,"column":73}},"98":{"start":{"line":255,"column":6},"end":{"line":255,"column":58}},"99":{"start":{"line":260,"column":19},"end":{"line":260,"column":33}},"100":{"start":{"line":262,"column":4},"end":{"line":262,"column":66}},"101":{"start":{"line":264,"column":22},"end":{"line":264,"column":31}},"102":{"start":{"line":266,"column":4},"end":{"line":273,"column":5}},"103":{"start":{"line":267,"column":6},"end":{"line":271,"column":8}},"104":{"start":{"line":272,"column":6},"end":{"line":272,"column":55}},"105":{"start":{"line":275,"column":4},"end":{"line":284,"column":5}},"106":{"start":{"line":276,"column":6},"end":{"line":276,"column":59}},"107":{"start":{"line":278,"column":21},"end":{"line":278,"column":56}},"108":{"start":{"line":279,"column":6},"end":{"line":279,"column":54}},"109":{"start":{"line":281,"column":6},"end":{"line":281,"column":73}},"110":{"start":{"line":283,"column":6},"end":{"line":283,"column":58}},"111":{"start":{"line":288,"column":19},"end":{"line":288,"column":33}},"112":{"start":{"line":290,"column":4},"end":{"line":290,"column":66}},"113":{"start":{"line":291,"column":22},"end":{"line":291,"column":30}},"114":{"start":{"line":293,"column":4},"end":{"line":300,"column":5}},"115":{"start":{"line":294,"column":6},"end":{"line":298,"column":8}},"116":{"start":{"line":299,"column":6},"end":{"line":299,"column":55}},"117":{"start":{"line":302,"column":4},"end":{"line":324,"column":5}},"118":{"start":{"line":303,"column":6},"end":{"line":303,"column":59}},"119":{"start":{"line":305,"column":6},"end":{"line":305,"column":44}},"120":{"start":{"line":306,"column":6},"end":{"line":306,"column":36}},"121":{"start":{"line":308,"column":6},"end":{"line":308,"column":73}},"122":{"start":{"line":310,"column":21},"end":{"line":310,"column":33}},"123":{"start":{"line":311,"column":18},"end":{"line":311,"column":29}},"124":{"start":{"line":312,"column":23},"end":{"line":312,"column":37}},"125":{"start":{"line":314,"column":6},"end":{"line":315,"column":60}},"126":{"start":{"line":315,"column":8},"end":{"line":315,"column":60}},"127":{"start":{"line":316,"column":6},"end":{"line":319,"column":62}},"128":{"start":{"line":317,"column":8},"end":{"line":319,"column":62}},"129":{"start":{"line":320,"column":6},"end":{"line":323,"column":61}},"130":{"start":{"line":321,"column":8},"end":{"line":323,"column":61}},"131":{"start":{"line":328,"column":19},"end":{"line":328,"column":33}},"132":{"start":{"line":330,"column":4},"end":{"line":330,"column":66}},"133":{"start":{"line":342,"column":8},"end":{"line":342,"column":16}},"134":{"start":{"line":343,"column":19},"end":{"line":343,"column":29}},"135":{"start":{"line":344,"column":18},"end":{"line":344,"column":45}},"136":{"start":{"line":346,"column":4},"end":{"line":363,"column":5}},"137":{"start":{"line":357,"column":6},"end":{"line":361,"column":8}},"138":{"start":{"line":362,"column":6},"end":{"line":362,"column":55}},"139":{"start":{"line":365,"column":4},"end":{"line":400,"column":5}},"140":{"start":{"line":366,"column":6},"end":{"line":366,"column":59}},"141":{"start":{"line":368,"column":6},"end":{"line":380,"column":8}},"142":{"start":{"line":382,"column":6},"end":{"line":382,"column":53}},"143":{"start":{"line":384,"column":6},"end":{"line":384,"column":73}},"144":{"start":{"line":386,"column":21},"end":{"line":386,"column":33}},"145":{"start":{"line":387,"column":18},"end":{"line":387,"column":29}},"146":{"start":{"line":388,"column":23},"end":{"line":388,"column":37}},"147":{"start":{"line":390,"column":6},"end":{"line":391,"column":60}},"148":{"start":{"line":391,"column":8},"end":{"line":391,"column":60}},"149":{"start":{"line":392,"column":6},"end":{"line":395,"column":62}},"150":{"start":{"line":393,"column":8},"end":{"line":395,"column":62}},"151":{"start":{"line":396,"column":6},"end":{"line":399,"column":61}},"152":{"start":{"line":397,"column":8},"end":{"line":399,"column":61}},"153":{"start":{"line":404,"column":19},"end":{"line":404,"column":33}},"154":{"start":{"line":406,"column":4},"end":{"line":406,"column":66}},"155":{"start":{"line":408,"column":45},"end":{"line":408,"column":53}},"156":{"start":{"line":409,"column":19},"end":{"line":409,"column":29}},"157":{"start":{"line":410,"column":18},"end":{"line":410,"column":45}},"158":{"start":{"line":412,"column":4},"end":{"line":422,"column":5}},"159":{"start":{"line":416,"column":6},"end":{"line":420,"column":8}},"160":{"start":{"line":421,"column":6},"end":{"line":421,"column":55}},"161":{"start":{"line":424,"column":4},"end":{"line":448,"column":5}},"162":{"start":{"line":425,"column":6},"end":{"line":425,"column":80}},"163":{"start":{"line":426,"column":6},"end":{"line":426,"column":36}},"164":{"start":{"line":428,"column":6},"end":{"line":428,"column":73}},"165":{"start":{"line":430,"column":21},"end":{"line":430,"column":33}},"166":{"start":{"line":431,"column":18},"end":{"line":431,"column":29}},"167":{"start":{"line":432,"column":23},"end":{"line":432,"column":37}},"168":{"start":{"line":434,"column":6},"end":{"line":435,"column":60}},"169":{"start":{"line":435,"column":8},"end":{"line":435,"column":60}},"170":{"start":{"line":436,"column":6},"end":{"line":439,"column":62}},"171":{"start":{"line":437,"column":8},"end":{"line":439,"column":62}},"172":{"start":{"line":440,"column":6},"end":{"line":443,"column":61}},"173":{"start":{"line":441,"column":8},"end":{"line":443,"column":61}},"174":{"start":{"line":444,"column":6},"end":{"line":447,"column":62}},"175":{"start":{"line":445,"column":8},"end":{"line":447,"column":62}},"176":{"start":{"line":452,"column":19},"end":{"line":452,"column":33}},"177":{"start":{"line":454,"column":4},"end":{"line":454,"column":66}},"178":{"start":{"line":456,"column":22},"end":{"line":456,"column":30}},"179":{"start":{"line":458,"column":4},"end":{"line":465,"column":5}},"180":{"start":{"line":459,"column":6},"end":{"line":463,"column":8}},"181":{"start":{"line":464,"column":6},"end":{"line":464,"column":55}},"182":{"start":{"line":467,"column":4},"end":{"line":487,"column":5}},"183":{"start":{"line":468,"column":6},"end":{"line":468,"column":46}},"184":{"start":{"line":469,"column":6},"end":{"line":469,"column":36}},"185":{"start":{"line":471,"column":6},"end":{"line":471,"column":73}},"186":{"start":{"line":473,"column":21},"end":{"line":473,"column":33}},"187":{"start":{"line":474,"column":18},"end":{"line":474,"column":29}},"188":{"start":{"line":475,"column":23},"end":{"line":475,"column":37}},"189":{"start":{"line":477,"column":6},"end":{"line":478,"column":60}},"190":{"start":{"line":478,"column":8},"end":{"line":478,"column":60}},"191":{"start":{"line":479,"column":6},"end":{"line":482,"column":61}},"192":{"start":{"line":480,"column":8},"end":{"line":482,"column":61}},"193":{"start":{"line":483,"column":6},"end":{"line":486,"column":62}},"194":{"start":{"line":484,"column":8},"end":{"line":486,"column":62}},"195":{"start":{"line":491,"column":19},"end":{"line":491,"column":33}},"196":{"start":{"line":493,"column":4},"end":{"line":493,"column":66}},"197":{"start":{"line":494,"column":32},"end":{"line":494,"column":40}},"198":{"start":{"line":496,"column":4},"end":{"line":503,"column":5}},"199":{"start":{"line":497,"column":6},"end":{"line":501,"column":8}},"200":{"start":{"line":502,"column":6},"end":{"line":502,"column":55}},"201":{"start":{"line":505,"column":4},"end":{"line":527,"column":5}},"202":{"start":{"line":506,"column":6},"end":{"line":506,"column":59}},"203":{"start":{"line":508,"column":6},"end":{"line":508,"column":64}},"204":{"start":{"line":509,"column":6},"end":{"line":509,"column":36}},"205":{"start":{"line":511,"column":6},"end":{"line":511,"column":73}},"206":{"start":{"line":513,"column":21},"end":{"line":513,"column":33}},"207":{"start":{"line":514,"column":18},"end":{"line":514,"column":29}},"208":{"start":{"line":515,"column":23},"end":{"line":515,"column":37}},"209":{"start":{"line":517,"column":6},"end":{"line":518,"column":60}},"210":{"start":{"line":518,"column":8},"end":{"line":518,"column":60}},"211":{"start":{"line":519,"column":6},"end":{"line":522,"column":62}},"212":{"start":{"line":520,"column":8},"end":{"line":522,"column":62}},"213":{"start":{"line":523,"column":6},"end":{"line":526,"column":61}},"214":{"start":{"line":524,"column":8},"end":{"line":526,"column":61}},"215":{"start":{"line":531,"column":19},"end":{"line":531,"column":33}},"216":{"start":{"line":533,"column":4},"end":{"line":533,"column":66}},"217":{"start":{"line":535,"column":28},"end":{"line":535,"column":38}},"218":{"start":{"line":536,"column":23},"end":{"line":536,"column":36}},"219":{"start":{"line":537,"column":22},"end":{"line":537,"column":30}},"220":{"start":{"line":539,"column":4},"end":{"line":546,"column":5}},"221":{"start":{"line":540,"column":6},"end":{"line":544,"column":8}},"222":{"start":{"line":545,"column":6},"end":{"line":545,"column":55}},"223":{"start":{"line":548,"column":4},"end":{"line":575,"column":5}},"224":{"start":{"line":549,"column":6},"end":{"line":549,"column":72}},"225":{"start":{"line":551,"column":6},"end":{"line":551,"column":59}},"226":{"start":{"line":553,"column":6},"end":{"line":553,"column":36}},"227":{"start":{"line":555,"column":6},"end":{"line":555,"column":73}},"228":{"start":{"line":557,"column":21},"end":{"line":557,"column":33}},"229":{"start":{"line":558,"column":18},"end":{"line":558,"column":29}},"230":{"start":{"line":559,"column":23},"end":{"line":559,"column":37}},"231":{"start":{"line":561,"column":6},"end":{"line":562,"column":60}},"232":{"start":{"line":562,"column":8},"end":{"line":562,"column":60}},"233":{"start":{"line":563,"column":6},"end":{"line":566,"column":62}},"234":{"start":{"line":564,"column":8},"end":{"line":566,"column":62}},"235":{"start":{"line":567,"column":6},"end":{"line":570,"column":61}},"236":{"start":{"line":568,"column":8},"end":{"line":570,"column":61}},"237":{"start":{"line":571,"column":6},"end":{"line":574,"column":62}},"238":{"start":{"line":572,"column":8},"end":{"line":574,"column":62}},"239":{"start":{"line":579,"column":19},"end":{"line":579,"column":33}},"240":{"start":{"line":581,"column":4},"end":{"line":581,"column":66}},"241":{"start":{"line":583,"column":28},"end":{"line":583,"column":38}},"242":{"start":{"line":584,"column":23},"end":{"line":584,"column":36}},"243":{"start":{"line":586,"column":4},"end":{"line":613,"column":5}},"244":{"start":{"line":587,"column":6},"end":{"line":587,"column":70}},"245":{"start":{"line":589,"column":6},"end":{"line":589,"column":59}},"246":{"start":{"line":591,"column":6},"end":{"line":591,"column":36}},"247":{"start":{"line":593,"column":6},"end":{"line":593,"column":73}},"248":{"start":{"line":595,"column":21},"end":{"line":595,"column":33}},"249":{"start":{"line":596,"column":18},"end":{"line":596,"column":29}},"250":{"start":{"line":597,"column":23},"end":{"line":597,"column":37}},"251":{"start":{"line":599,"column":6},"end":{"line":600,"column":60}},"252":{"start":{"line":600,"column":8},"end":{"line":600,"column":60}},"253":{"start":{"line":601,"column":6},"end":{"line":604,"column":62}},"254":{"start":{"line":602,"column":8},"end":{"line":604,"column":62}},"255":{"start":{"line":605,"column":6},"end":{"line":608,"column":61}},"256":{"start":{"line":606,"column":8},"end":{"line":608,"column":61}},"257":{"start":{"line":609,"column":6},"end":{"line":612,"column":62}},"258":{"start":{"line":610,"column":8},"end":{"line":612,"column":62}},"259":{"start":{"line":617,"column":19},"end":{"line":617,"column":33}},"260":{"start":{"line":619,"column":4},"end":{"line":619,"column":66}},"261":{"start":{"line":621,"column":19},"end":{"line":621,"column":29}},"262":{"start":{"line":623,"column":4},"end":{"line":631,"column":5}},"263":{"start":{"line":624,"column":21},"end":{"line":624,"column":61}},"264":{"start":{"line":625,"column":6},"end":{"line":625,"column":59}},"265":{"start":{"line":626,"column":6},"end":{"line":626,"column":35}},"266":{"start":{"line":628,"column":6},"end":{"line":628,"column":73}},"267":{"start":{"line":630,"column":6},"end":{"line":630,"column":58}},"268":{"start":{"line":634,"column":0},"end":{"line":634,"column":32}}},"fnMap":{"0":{"name":"(anonymous_0)","decl":{"start":{"line":14,"column":2},"end":{"line":14,"column":3}},"loc":{"start":{"line":14,"column":32},"end":{"line":103,"column":3}},"line":14},"1":{"name":"(anonymous_1)","decl":{"start":{"line":105,"column":2},"end":{"line":105,"column":3}},"loc":{"start":{"line":105,"column":31},"end":{"line":143,"column":3}},"line":105},"2":{"name":"(anonymous_2)","decl":{"start":{"line":145,"column":2},"end":{"line":145,"column":3}},"loc":{"start":{"line":145,"column":26},"end":{"line":161,"column":3}},"line":145},"3":{"name":"(anonymous_3)","decl":{"start":{"line":163,"column":2},"end":{"line":163,"column":3}},"loc":{"start":{"line":163,"column":39},"end":{"line":202,"column":3}},"line":163},"4":{"name":"(anonymous_4)","decl":{"start":{"line":204,"column":2},"end":{"line":204,"column":3}},"loc":{"start":{"line":204,"column":38},"end":{"line":230,"column":3}},"line":204},"5":{"name":"(anonymous_5)","decl":{"start":{"line":232,"column":2},"end":{"line":232,"column":3}},"loc":{"start":{"line":232,"column":43},"end":{"line":257,"column":3}},"line":232},"6":{"name":"(anonymous_6)","decl":{"start":{"line":259,"column":2},"end":{"line":259,"column":3}},"loc":{"start":{"line":259,"column":36},"end":{"line":285,"column":3}},"line":259},"7":{"name":"(anonymous_7)","decl":{"start":{"line":287,"column":2},"end":{"line":287,"column":3}},"loc":{"start":{"line":287,"column":38},"end":{"line":325,"column":3}},"line":287},"8":{"name":"(anonymous_8)","decl":{"start":{"line":327,"column":2},"end":{"line":327,"column":3}},"loc":{"start":{"line":327,"column":32},"end":{"line":401,"column":3}},"line":327},"9":{"name":"(anonymous_9)","decl":{"start":{"line":403,"column":2},"end":{"line":403,"column":3}},"loc":{"start":{"line":403,"column":40},"end":{"line":449,"column":3}},"line":403},"10":{"name":"(anonymous_10)","decl":{"start":{"line":451,"column":2},"end":{"line":451,"column":3}},"loc":{"start":{"line":451,"column":40},"end":{"line":488,"column":3}},"line":451},"11":{"name":"(anonymous_11)","decl":{"start":{"line":490,"column":2},"end":{"line":490,"column":3}},"loc":{"start":{"line":490,"column":48},"end":{"line":528,"column":3}},"line":490},"12":{"name":"(anonymous_12)","decl":{"start":{"line":530,"column":2},"end":{"line":530,"column":3}},"loc":{"start":{"line":530,"column":45},"end":{"line":576,"column":3}},"line":530},"13":{"name":"(anonymous_13)","decl":{"start":{"line":578,"column":2},"end":{"line":578,"column":3}},"loc":{"start":{"line":578,"column":50},"end":{"line":614,"column":3}},"line":578},"14":{"name":"(anonymous_14)","decl":{"start":{"line":616,"column":2},"end":{"line":616,"column":3}},"loc":{"start":{"line":616,"column":44},"end":{"line":632,"column":3}},"line":616}},"branchMap":{"0":{"loc":{"start":{"line":34,"column":4},"end":{"line":47,"column":5}},"type":"if","locations":[{"start":{"line":34,"column":4},"end":{"line":47,"column":5}},{"start":{"line":34,"column":4},"end":{"line":47,"column":5}}],"line":34},"1":{"loc":{"start":{"line":35,"column":6},"end":{"line":39,"column":34}},"type":"binary-expr","locations":[{"start":{"line":35,"column":6},"end":{"line":35,"column":31}},{"start":{"line":36,"column":6},"end":{"line":36,"column":34}},{"start":{"line":37,"column":6},"end":{"line":37,"column":35}},{"start":{"line":38,"column":6},"end":{"line":38,"column":30}},{"start":{"line":39,"column":6},"end":{"line":39,"column":34}}],"line":35},"2":{"loc":{"start":{"line":49,"column":4},"end":{"line":63,"column":5}},"type":"if","locations":[{"start":{"line":49,"column":4},"end":{"line":63,"column":5}},{"start":{"line":49,"column":4},"end":{"line":63,"column":5}}],"line":49},"3":{"loc":{"start":{"line":50,"column":6},"end":{"line":55,"column":70}},"type":"binary-expr","locations":[{"start":{"line":50,"column":7},"end":{"line":50,"column":39}},{"start":{"line":51,"column":8},"end":{"line":51,"column":46}},{"start":{"line":52,"column":7},"end":{"line":52,"column":35}},{"start":{"line":52,"column":39},"end":{"line":52,"column":73}},{"start":{"line":53,"column":7},"end":{"line":53,"column":31}},{"start":{"line":53,"column":35},"end":{"line":53,"column":65}},{"start":{"line":54,"column":7},"end":{"line":54,"column":29}},{"start":{"line":54,"column":33},"end":{"line":54,"column":61}},{"start":{"line":55,"column":7},"end":{"line":55,"column":33}},{"start":{"line":55,"column":37},"end":{"line":55,"column":69}}],"line":50},"4":{"loc":{"start":{"line":96,"column":6},"end":{"line":97,"column":60}},"type":"if","locations":[{"start":{"line":96,"column":6},"end":{"line":97,"column":60}},{"start":{"line":96,"column":6},"end":{"line":97,"column":60}}],"line":96},"5":{"loc":{"start":{"line":98,"column":6},"end":{"line":101,"column":62}},"type":"if","locations":[{"start":{"line":98,"column":6},"end":{"line":101,"column":62}},{"start":{"line":98,"column":6},"end":{"line":101,"column":62}}],"line":98},"6":{"loc":{"start":{"line":111,"column":4},"end":{"line":118,"column":5}},"type":"if","locations":[{"start":{"line":111,"column":4},"end":{"line":118,"column":5}},{"start":{"line":111,"column":4},"end":{"line":118,"column":5}}],"line":111},"7":{"loc":{"start":{"line":111,"column":8},"end":{"line":111,"column":65}},"type":"binary-expr","locations":[{"start":{"line":111,"column":8},"end":{"line":111,"column":36}},{"start":{"line":111,"column":40},"end":{"line":111,"column":65}}],"line":111},"8":{"loc":{"start":{"line":132,"column":6},"end":{"line":133,"column":60}},"type":"if","locations":[{"start":{"line":132,"column":6},"end":{"line":133,"column":60}},{"start":{"line":132,"column":6},"end":{"line":133,"column":60}}],"line":132},"9":{"loc":{"start":{"line":134,"column":6},"end":{"line":137,"column":62}},"type":"if","locations":[{"start":{"line":134,"column":6},"end":{"line":137,"column":62}},{"start":{"line":134,"column":6},"end":{"line":137,"column":62}}],"line":134},"10":{"loc":{"start":{"line":138,"column":6},"end":{"line":141,"column":61}},"type":"if","locations":[{"start":{"line":138,"column":6},"end":{"line":141,"column":61}},{"start":{"line":138,"column":6},"end":{"line":141,"column":61}}],"line":138},"11":{"loc":{"start":{"line":170,"column":4},"end":{"line":177,"column":5}},"type":"if","locations":[{"start":{"line":170,"column":4},"end":{"line":177,"column":5}},{"start":{"line":170,"column":4},"end":{"line":177,"column":5}}],"line":170},"12":{"loc":{"start":{"line":170,"column":8},"end":{"line":170,"column":21}},"type":"binary-expr","locations":[{"start":{"line":170,"column":8},"end":{"line":170,"column":11}},{"start":{"line":170,"column":15},"end":{"line":170,"column":21}}],"line":170},"13":{"loc":{"start":{"line":191,"column":6},"end":{"line":192,"column":60}},"type":"if","locations":[{"start":{"line":191,"column":6},"end":{"line":192,"column":60}},{"start":{"line":191,"column":6},"end":{"line":192,"column":60}}],"line":191},"14":{"loc":{"start":{"line":193,"column":6},"end":{"line":196,"column":62}},"type":"if","locations":[{"start":{"line":193,"column":6},"end":{"line":196,"column":62}},{"start":{"line":193,"column":6},"end":{"line":196,"column":62}}],"line":193},"15":{"loc":{"start":{"line":197,"column":6},"end":{"line":200,"column":61}},"type":"if","locations":[{"start":{"line":197,"column":6},"end":{"line":200,"column":61}},{"start":{"line":197,"column":6},"end":{"line":200,"column":61}}],"line":197},"16":{"loc":{"start":{"line":211,"column":4},"end":{"line":218,"column":5}},"type":"if","locations":[{"start":{"line":211,"column":4},"end":{"line":218,"column":5}},{"start":{"line":211,"column":4},"end":{"line":218,"column":5}}],"line":211},"17":{"loc":{"start":{"line":211,"column":8},"end":{"line":211,"column":35}},"type":"binary-expr","locations":[{"start":{"line":211,"column":8},"end":{"line":211,"column":20}},{"start":{"line":211,"column":24},"end":{"line":211,"column":35}}],"line":211},"18":{"loc":{"start":{"line":239,"column":4},"end":{"line":246,"column":5}},"type":"if","locations":[{"start":{"line":239,"column":4},"end":{"line":246,"column":5}},{"start":{"line":239,"column":4},"end":{"line":246,"column":5}}],"line":239},"19":{"loc":{"start":{"line":239,"column":8},"end":{"line":239,"column":30}},"type":"binary-expr","locations":[{"start":{"line":239,"column":8},"end":{"line":239,"column":15}},{"start":{"line":239,"column":19},"end":{"line":239,"column":30}}],"line":239},"20":{"loc":{"start":{"line":266,"column":4},"end":{"line":273,"column":5}},"type":"if","locations":[{"start":{"line":266,"column":4},"end":{"line":273,"column":5}},{"start":{"line":266,"column":4},"end":{"line":273,"column":5}}],"line":266},"21":{"loc":{"start":{"line":293,"column":4},"end":{"line":300,"column":5}},"type":"if","locations":[{"start":{"line":293,"column":4},"end":{"line":300,"column":5}},{"start":{"line":293,"column":4},"end":{"line":300,"column":5}}],"line":293},"22":{"loc":{"start":{"line":314,"column":6},"end":{"line":315,"column":60}},"type":"if","locations":[{"start":{"line":314,"column":6},"end":{"line":315,"column":60}},{"start":{"line":314,"column":6},"end":{"line":315,"column":60}}],"line":314},"23":{"loc":{"start":{"line":316,"column":6},"end":{"line":319,"column":62}},"type":"if","locations":[{"start":{"line":316,"column":6},"end":{"line":319,"column":62}},{"start":{"line":316,"column":6},"end":{"line":319,"column":62}}],"line":316},"24":{"loc":{"start":{"line":320,"column":6},"end":{"line":323,"column":61}},"type":"if","locations":[{"start":{"line":320,"column":6},"end":{"line":323,"column":61}},{"start":{"line":320,"column":6},"end":{"line":323,"column":61}}],"line":320},"25":{"loc":{"start":{"line":346,"column":4},"end":{"line":363,"column":5}},"type":"if","locations":[{"start":{"line":346,"column":4},"end":{"line":363,"column":5}},{"start":{"line":346,"column":4},"end":{"line":363,"column":5}}],"line":346},"26":{"loc":{"start":{"line":347,"column":6},"end":{"line":355,"column":38}},"type":"binary-expr","locations":[{"start":{"line":347,"column":6},"end":{"line":347,"column":34}},{"start":{"line":348,"column":6},"end":{"line":348,"column":35}},{"start":{"line":349,"column":6},"end":{"line":349,"column":34}},{"start":{"line":350,"column":6},"end":{"line":350,"column":44}},{"start":{"line":351,"column":6},"end":{"line":351,"column":40}},{"start":{"line":352,"column":6},"end":{"line":352,"column":36}},{"start":{"line":353,"column":6},"end":{"line":353,"column":35}},{"start":{"line":354,"column":6},"end":{"line":354,"column":28}},{"start":{"line":355,"column":6},"end":{"line":355,"column":38}}],"line":347},"27":{"loc":{"start":{"line":390,"column":6},"end":{"line":391,"column":60}},"type":"if","locations":[{"start":{"line":390,"column":6},"end":{"line":391,"column":60}},{"start":{"line":390,"column":6},"end":{"line":391,"column":60}}],"line":390},"28":{"loc":{"start":{"line":392,"column":6},"end":{"line":395,"column":62}},"type":"if","locations":[{"start":{"line":392,"column":6},"end":{"line":395,"column":62}},{"start":{"line":392,"column":6},"end":{"line":395,"column":62}}],"line":392},"29":{"loc":{"start":{"line":396,"column":6},"end":{"line":399,"column":61}},"type":"if","locations":[{"start":{"line":396,"column":6},"end":{"line":399,"column":61}},{"start":{"line":396,"column":6},"end":{"line":399,"column":61}}],"line":396},"30":{"loc":{"start":{"line":412,"column":4},"end":{"line":422,"column":5}},"type":"if","locations":[{"start":{"line":412,"column":4},"end":{"line":422,"column":5}},{"start":{"line":412,"column":4},"end":{"line":422,"column":5}}],"line":412},"31":{"loc":{"start":{"line":413,"column":6},"end":{"line":414,"column":37}},"type":"binary-expr","locations":[{"start":{"line":413,"column":6},"end":{"line":413,"column":41}},{"start":{"line":414,"column":6},"end":{"line":414,"column":37}}],"line":413},"32":{"loc":{"start":{"line":434,"column":6},"end":{"line":435,"column":60}},"type":"if","locations":[{"start":{"line":434,"column":6},"end":{"line":435,"column":60}},{"start":{"line":434,"column":6},"end":{"line":435,"column":60}}],"line":434},"33":{"loc":{"start":{"line":436,"column":6},"end":{"line":439,"column":62}},"type":"if","locations":[{"start":{"line":436,"column":6},"end":{"line":439,"column":62}},{"start":{"line":436,"column":6},"end":{"line":439,"column":62}}],"line":436},"34":{"loc":{"start":{"line":440,"column":6},"end":{"line":443,"column":61}},"type":"if","locations":[{"start":{"line":440,"column":6},"end":{"line":443,"column":61}},{"start":{"line":440,"column":6},"end":{"line":443,"column":61}}],"line":440},"35":{"loc":{"start":{"line":444,"column":6},"end":{"line":447,"column":62}},"type":"if","locations":[{"start":{"line":444,"column":6},"end":{"line":447,"column":62}},{"start":{"line":444,"column":6},"end":{"line":447,"column":62}}],"line":444},"36":{"loc":{"start":{"line":458,"column":4},"end":{"line":465,"column":5}},"type":"if","locations":[{"start":{"line":458,"column":4},"end":{"line":465,"column":5}},{"start":{"line":458,"column":4},"end":{"line":465,"column":5}}],"line":458},"37":{"loc":{"start":{"line":477,"column":6},"end":{"line":478,"column":60}},"type":"if","locations":[{"start":{"line":477,"column":6},"end":{"line":478,"column":60}},{"start":{"line":477,"column":6},"end":{"line":478,"column":60}}],"line":477},"38":{"loc":{"start":{"line":479,"column":6},"end":{"line":482,"column":61}},"type":"if","locations":[{"start":{"line":479,"column":6},"end":{"line":482,"column":61}},{"start":{"line":479,"column":6},"end":{"line":482,"column":61}}],"line":479},"39":{"loc":{"start":{"line":483,"column":6},"end":{"line":486,"column":62}},"type":"if","locations":[{"start":{"line":483,"column":6},"end":{"line":486,"column":62}},{"start":{"line":483,"column":6},"end":{"line":486,"column":62}}],"line":483},"40":{"loc":{"start":{"line":496,"column":4},"end":{"line":503,"column":5}},"type":"if","locations":[{"start":{"line":496,"column":4},"end":{"line":503,"column":5}},{"start":{"line":496,"column":4},"end":{"line":503,"column":5}}],"line":496},"41":{"loc":{"start":{"line":496,"column":8},"end":{"line":496,"column":27}},"type":"binary-expr","locations":[{"start":{"line":496,"column":8},"end":{"line":496,"column":14}},{"start":{"line":496,"column":18},"end":{"line":496,"column":27}}],"line":496},"42":{"loc":{"start":{"line":517,"column":6},"end":{"line":518,"column":60}},"type":"if","locations":[{"start":{"line":517,"column":6},"end":{"line":518,"column":60}},{"start":{"line":517,"column":6},"end":{"line":518,"column":60}}],"line":517},"43":{"loc":{"start":{"line":519,"column":6},"end":{"line":522,"column":62}},"type":"if","locations":[{"start":{"line":519,"column":6},"end":{"line":522,"column":62}},{"start":{"line":519,"column":6},"end":{"line":522,"column":62}}],"line":519},"44":{"loc":{"start":{"line":523,"column":6},"end":{"line":526,"column":61}},"type":"if","locations":[{"start":{"line":523,"column":6},"end":{"line":526,"column":61}},{"start":{"line":523,"column":6},"end":{"line":526,"column":61}}],"line":523},"45":{"loc":{"start":{"line":539,"column":4},"end":{"line":546,"column":5}},"type":"if","locations":[{"start":{"line":539,"column":4},"end":{"line":546,"column":5}},{"start":{"line":539,"column":4},"end":{"line":546,"column":5}}],"line":539},"46":{"loc":{"start":{"line":561,"column":6},"end":{"line":562,"column":60}},"type":"if","locations":[{"start":{"line":561,"column":6},"end":{"line":562,"column":60}},{"start":{"line":561,"column":6},"end":{"line":562,"column":60}}],"line":561},"47":{"loc":{"start":{"line":563,"column":6},"end":{"line":566,"column":62}},"type":"if","locations":[{"start":{"line":563,"column":6},"end":{"line":566,"column":62}},{"start":{"line":563,"column":6},"end":{"line":566,"column":62}}],"line":563},"48":{"loc":{"start":{"line":567,"column":6},"end":{"line":570,"column":61}},"type":"if","locations":[{"start":{"line":567,"column":6},"end":{"line":570,"column":61}},{"start":{"line":567,"column":6},"end":{"line":570,"column":61}}],"line":567},"49":{"loc":{"start":{"line":571,"column":6},"end":{"line":574,"column":62}},"type":"if","locations":[{"start":{"line":571,"column":6},"end":{"line":574,"column":62}},{"start":{"line":571,"column":6},"end":{"line":574,"column":62}}],"line":571},"50":{"loc":{"start":{"line":599,"column":6},"end":{"line":600,"column":60}},"type":"if","locations":[{"start":{"line":599,"column":6},"end":{"line":600,"column":60}},{"start":{"line":599,"column":6},"end":{"line":600,"column":60}}],"line":599},"51":{"loc":{"start":{"line":601,"column":6},"end":{"line":604,"column":62}},"type":"if","locations":[{"start":{"line":601,"column":6},"end":{"line":604,"column":62}},{"start":{"line":601,"column":6},"end":{"line":604,"column":62}}],"line":601},"52":{"loc":{"start":{"line":605,"column":6},"end":{"line":608,"column":61}},"type":"if","locations":[{"start":{"line":605,"column":6},"end":{"line":608,"column":61}},{"start":{"line":605,"column":6},"end":{"line":608,"column":61}}],"line":605},"53":{"loc":{"start":{"line":609,"column":6},"end":{"line":612,"column":62}},"type":"if","locations":[{"start":{"line":609,"column":6},"end":{"line":612,"column":62}},{"start":{"line":609,"column":6},"end":{"line":612,"column":62}}],"line":609}},"s":{"0":1,"1":1,"2":1,"3":1,"4":6,"5":6,"6":6,"7":6,"8":5,"9":5,"10":1,"11":1,"12":1,"13":0,"14":0,"15":0,"16":0,"17":0,"18":0,"19":0,"20":0,"21":0,"22":0,"23":0,"24":0,"25":0,"26":4,"27":4,"28":4,"29":4,"30":2,"31":2,"32":2,"33":2,"34":1,"35":1,"36":1,"37":1,"38":1,"39":1,"40":1,"41":0,"42":1,"43":1,"44":0,"45":0,"46":1,"47":1,"48":1,"49":1,"50":1,"51":1,"52":1,"53":0,"54":0,"55":3,"56":3,"57":3,"58":3,"59":1,"60":1,"61":2,"62":2,"63":2,"64":2,"65":0,"66":0,"67":0,"68":0,"69":0,"70":0,"71":0,"72":0,"73":0,"74":0,"75":2,"76":2,"77":2,"78":2,"79":1,"80":1,"81":1,"82":1,"83":1,"84":1,"85":0,"86":0,"87":0,"88":0,"89":0,"90":0,"91":0,"92":0,"93":0,"94":0,"95":0,"96":0,"97":0,"98":0,"99":3,"100":3,"101":3,"102":3,"103":1,"104":1,"105":2,"106":2,"107":2,"108":2,"109":0,"110":0,"111":3,"112":3,"113":3,"114":3,"115":1,"116":1,"117":2,"118":2,"119":2,"120":1,"121":1,"122":1,"123":1,"124":1,"125":1,"126":0,"127":1,"128":1,"129":0,"130":0,"131":2,"132":2,"133":2,"134":2,"135":2,"136":2,"137":1,"138":1,"139":1,"140":1,"141":1,"142":1,"143":0,"144":0,"145":0,"146":0,"147":0,"148":0,"149":0,"150":0,"151":0,"152":0,"153":3,"154":3,"155":3,"156":3,"157":3,"158":3,"159":2,"160":2,"161":1,"162":1,"163":1,"164":0,"165":0,"166":0,"167":0,"168":0,"169":0,"170":0,"171":0,"172":0,"173":0,"174":0,"175":0,"176":2,"177":2,"178":2,"179":2,"180":1,"181":1,"182":1,"183":1,"184":1,"185":0,"186":0,"187":0,"188":0,"189":0,"190":0,"191":0,"192":0,"193":0,"194":0,"195":3,"196":3,"197":3,"198":3,"199":2,"200":2,"201":1,"202":1,"203":1,"204":1,"205":0,"206":0,"207":0,"208":0,"209":0,"210":0,"211":0,"212":0,"213":0,"214":0,"215":0,"216":0,"217":0,"218":0,"219":0,"220":0,"221":0,"222":0,"223":0,"224":0,"225":0,"226":0,"227":0,"228":0,"229":0,"230":0,"231":0,"232":0,"233":0,"234":0,"235":0,"236":0,"237":0,"238":0,"239":0,"240":0,"241":0,"242":0,"243":0,"244":0,"245":0,"246":0,"247":0,"248":0,"249":0,"250":0,"251":0,"252":0,"253":0,"254":0,"255":0,"256":0,"257":0,"258":0,"259":0,"260":0,"261":0,"262":0,"263":0,"264":0,"265":0,"266":0,"267":0,"268":1},"f":{"0":6,"1":4,"2":1,"3":3,"4":2,"5":0,"6":3,"7":3,"8":2,"9":3,"10":2,"11":3,"12":0,"13":0,"14":0},"b":{"0":[5,1],"1":[6,5,4,3,2],"2":[1,0],"3":[1,0,1,1,0,0,0,0,0,0],"4":[0,0],"5":[0,0],"6":[2,2],"7":[4,3],"8":[0,1],"9":[1,0],"10":[0,0],"11":[1,2],"12":[3,2],"13":[0,0],"14":[0,0],"15":[0,0],"16":[1,1],"17":[2,1],"18":[0,0],"19":[0,0],"20":[1,2],"21":[1,2],"22":[0,1],"23":[1,0],"24":[0,0],"25":[1,1],"26":[2,2,1,1,1,1,1,1,1],"27":[0,0],"28":[0,0],"29":[0,0],"30":[2,1],"31":[3,2],"32":[0,0],"33":[0,0],"34":[0,0],"35":[0,0],"36":[1,1],"37":[0,0],"38":[0,0],"39":[0,0],"40":[2,1],"41":[3,2],"42":[0,0],"43":[0,0],"44":[0,0],"45":[0,0],"46":[0,0],"47":[0,0],"48":[0,0],"49":[0,0],"50":[0,0],"51":[0,0],"52":[0,0],"53":[0,0]},"_coverageSchema":"43e27e138ebf9cfc5966b082cf9a028302ed4184","hash":"824962f7533eb48daae4839d6da8ef6a23245cb1"}
,"/app/src/dao/token.dao.js": {"path":"/app/src/dao/token.dao.js","statementMap":{"0":{"start":{"line":1,"column":18},"end":{"line":1,"column":60}},"1":{"start":{"line":5,"column":16},"end":{"line":10,"column":16}},"2":{"start":{"line":12,"column":4},"end":{"line":12,"column":31}},"3":{"start":{"line":16,"column":16},"end":{"line":17,"column":24}},"4":{"start":{"line":19,"column":4},"end":{"line":19,"column":49}},"5":{"start":{"line":23,"column":16},"end":{"line":23,"column":58}},"6":{"start":{"line":25,"column":4},"end":{"line":25,"column":32}},"7":{"start":{"line":29,"column":16},"end":{"line":29,"column":54}},"8":{"start":{"line":31,"column":4},"end":{"line":31,"column":30}},"9":{"start":{"line":35,"column":0},"end":{"line":35,"column":26}}},"fnMap":{"0":{"name":"(anonymous_0)","decl":{"start":{"line":4,"column":2},"end":{"line":4,"column":3}},"loc":{"start":{"line":4,"column":25},"end":{"line":13,"column":3}},"line":4},"1":{"name":"(anonymous_1)","decl":{"start":{"line":15,"column":2},"end":{"line":15,"column":3}},"loc":{"start":{"line":15,"column":47},"end":{"line":20,"column":3}},"line":15},"2":{"name":"(anonymous_2)","decl":{"start":{"line":22,"column":2},"end":{"line":22,"column":3}},"loc":{"start":{"line":22,"column":37},"end":{"line":26,"column":3}},"line":22},"3":{"name":"(anonymous_3)","decl":{"start":{"line":28,"column":2},"end":{"line":28,"column":3}},"loc":{"start":{"line":28,"column":28},"end":{"line":32,"column":3}},"line":28}},"branchMap":{},"s":{"0":3,"1":0,"2":0,"3":0,"4":0,"5":0,"6":0,"7":0,"8":0,"9":3},"f":{"0":0,"1":0,"2":0,"3":0},"b":{},"_coverageSchema":"43e27e138ebf9cfc5966b082cf9a028302ed4184","hash":"8b93a235554a79694089766d6aa34cb45fb14831"}
,"/app/src/dao/user.dao.js": {"path":"/app/src/dao/user.dao.js","statementMap":{"0":{"start":{"line":1,"column":26},"end":{"line":1,"column":68}},"1":{"start":{"line":5,"column":28},"end":{"line":8,"column":83}},"2":{"start":{"line":10,"column":4},"end":{"line":10,"column":40}},"3":{"start":{"line":14,"column":16},"end":{"line":14,"column":63}},"4":{"start":{"line":16,"column":4},"end":{"line":16,"column":32}},"5":{"start":{"line":20,"column":16},"end":{"line":20,"column":74}},"6":{"start":{"line":22,"column":4},"end":{"line":22,"column":31}},"7":{"start":{"line":37,"column":18},"end":{"line":37,"column":20}},"8":{"start":{"line":38,"column":24},"end":{"line":38,"column":26}},"9":{"start":{"line":39,"column":17},"end":{"line":39,"column":18}},"10":{"start":{"line":41,"column":4},"end":{"line":46,"column":5}},"11":{"start":{"line":42,"column":6},"end":{"line":42,"column":32}},"12":{"start":{"line":43,"column":6},"end":{"line":43,"column":33}},"13":{"start":{"line":45,"column":6},"end":{"line":45,"column":15}},"14":{"start":{"line":48,"column":4},"end":{"line":55,"column":5}},"15":{"start":{"line":49,"column":6},"end":{"line":49,"column":37}},"16":{"start":{"line":49,"column":22},"end":{"line":49,"column":37}},"17":{"start":{"line":51,"column":6},"end":{"line":51,"column":33}},"18":{"start":{"line":52,"column":6},"end":{"line":52,"column":34}},"19":{"start":{"line":54,"column":6},"end":{"line":54,"column":15}},"20":{"start":{"line":56,"column":4},"end":{"line":63,"column":5}},"21":{"start":{"line":57,"column":6},"end":{"line":57,"column":37}},"22":{"start":{"line":57,"column":22},"end":{"line":57,"column":37}},"23":{"start":{"line":59,"column":6},"end":{"line":59,"column":32}},"24":{"start":{"line":60,"column":6},"end":{"line":60,"column":33}},"25":{"start":{"line":62,"column":6},"end":{"line":62,"column":15}},"26":{"start":{"line":64,"column":4},"end":{"line":71,"column":5}},"27":{"start":{"line":65,"column":6},"end":{"line":65,"column":37}},"28":{"start":{"line":65,"column":22},"end":{"line":65,"column":37}},"29":{"start":{"line":67,"column":6},"end":{"line":67,"column":42}},"30":{"start":{"line":68,"column":6},"end":{"line":68,"column":43}},"31":{"start":{"line":70,"column":6},"end":{"line":70,"column":15}},"32":{"start":{"line":72,"column":4},"end":{"line":79,"column":5}},"33":{"start":{"line":73,"column":6},"end":{"line":73,"column":37}},"34":{"start":{"line":73,"column":22},"end":{"line":73,"column":37}},"35":{"start":{"line":75,"column":6},"end":{"line":75,"column":38}},"36":{"start":{"line":76,"column":6},"end":{"line":76,"column":39}},"37":{"start":{"line":78,"column":6},"end":{"line":78,"column":15}},"38":{"start":{"line":80,"column":4},"end":{"line":87,"column":5}},"39":{"start":{"line":81,"column":6},"end":{"line":81,"column":37}},"40":{"start":{"line":81,"column":22},"end":{"line":81,"column":37}},"41":{"start":{"line":83,"column":6},"end":{"line":83,"column":34}},"42":{"start":{"line":84,"column":6},"end":{"line":84,"column":35}},"43":{"start":{"line":86,"column":6},"end":{"line":86,"column":15}},"44":{"start":{"line":88,"column":4},"end":{"line":95,"column":5}},"45":{"start":{"line":89,"column":6},"end":{"line":89,"column":37}},"46":{"start":{"line":89,"column":22},"end":{"line":89,"column":37}},"47":{"start":{"line":91,"column":6},"end":{"line":91,"column":61}},"48":{"start":{"line":92,"column":6},"end":{"line":92,"column":34}},"49":{"start":{"line":94,"column":6},"end":{"line":94,"column":15}},"50":{"start":{"line":96,"column":4},"end":{"line":103,"column":5}},"51":{"start":{"line":97,"column":6},"end":{"line":97,"column":37}},"52":{"start":{"line":97,"column":22},"end":{"line":97,"column":37}},"53":{"start":{"line":99,"column":6},"end":{"line":99,"column":26}},"54":{"start":{"line":100,"column":6},"end":{"line":100,"column":43}},"55":{"start":{"line":102,"column":6},"end":{"line":102,"column":15}},"56":{"start":{"line":105,"column":4},"end":{"line":112,"column":5}},"57":{"start":{"line":106,"column":6},"end":{"line":106,"column":37}},"58":{"start":{"line":106,"column":22},"end":{"line":106,"column":37}},"59":{"start":{"line":108,"column":6},"end":{"line":108,"column":36}},"60":{"start":{"line":109,"column":6},"end":{"line":109,"column":53}},"61":{"start":{"line":111,"column":6},"end":{"line":111,"column":15}},"62":{"start":{"line":114,"column":14},"end":{"line":114,"column":55}},"63":{"start":{"line":116,"column":4},"end":{"line":116,"column":25}},"64":{"start":{"line":118,"column":4},"end":{"line":118,"column":35}},"65":{"start":{"line":122,"column":16},"end":{"line":122,"column":68}},"66":{"start":{"line":124,"column":4},"end":{"line":124,"column":38}},"67":{"start":{"line":128,"column":16},"end":{"line":128,"column":65}},"68":{"start":{"line":130,"column":4},"end":{"line":130,"column":31}},"69":{"start":{"line":134,"column":16},"end":{"line":134,"column":90}},"70":{"start":{"line":136,"column":4},"end":{"line":136,"column":31}},"71":{"start":{"line":140,"column":16},"end":{"line":141,"column":120}},"72":{"start":{"line":143,"column":4},"end":{"line":143,"column":31}},"73":{"start":{"line":147,"column":14},"end":{"line":149,"column":74}},"74":{"start":{"line":150,"column":22},"end":{"line":150,"column":24}},"75":{"start":{"line":151,"column":4},"end":{"line":151,"column":39}},"76":{"start":{"line":153,"column":4},"end":{"line":158,"column":5}},"77":{"start":{"line":154,"column":6},"end":{"line":154,"column":51}},"78":{"start":{"line":155,"column":6},"end":{"line":155,"column":30}},"79":{"start":{"line":157,"column":6},"end":{"line":157,"column":32}},"80":{"start":{"line":160,"column":4},"end":{"line":163,"column":5}},"81":{"start":{"line":161,"column":6},"end":{"line":161,"column":27}},"82":{"start":{"line":162,"column":6},"end":{"line":162,"column":56}},"83":{"start":{"line":165,"column":4},"end":{"line":165,"column":35}},"84":{"start":{"line":169,"column":16},"end":{"line":169,"column":68}},"85":{"start":{"line":171,"column":4},"end":{"line":171,"column":38}},"86":{"start":{"line":175,"column":0},"end":{"line":175,"column":25}}},"fnMap":{"0":{"name":"(anonymous_0)","decl":{"start":{"line":4,"column":2},"end":{"line":4,"column":3}},"loc":{"start":{"line":4,"column":22},"end":{"line":11,"column":3}},"line":4},"1":{"name":"(anonymous_1)","decl":{"start":{"line":13,"column":2},"end":{"line":13,"column":3}},"loc":{"start":{"line":13,"column":30},"end":{"line":17,"column":3}},"line":13},"2":{"name":"(anonymous_2)","decl":{"start":{"line":19,"column":2},"end":{"line":19,"column":3}},"loc":{"start":{"line":19,"column":30},"end":{"line":23,"column":3}},"line":19},"3":{"name":"(anonymous_3)","decl":{"start":{"line":25,"column":2},"end":{"line":25,"column":3}},"loc":{"start":{"line":36,"column":4},"end":{"line":119,"column":3}},"line":36},"4":{"name":"(anonymous_4)","decl":{"start":{"line":121,"column":2},"end":{"line":121,"column":3}},"loc":{"start":{"line":121,"column":38},"end":{"line":125,"column":3}},"line":121},"5":{"name":"(anonymous_5)","decl":{"start":{"line":127,"column":2},"end":{"line":127,"column":3}},"loc":{"start":{"line":127,"column":28},"end":{"line":131,"column":3}},"line":127},"6":{"name":"(anonymous_6)","decl":{"start":{"line":133,"column":2},"end":{"line":133,"column":3}},"loc":{"start":{"line":133,"column":38},"end":{"line":137,"column":3}},"line":133},"7":{"name":"(anonymous_7)","decl":{"start":{"line":139,"column":2},"end":{"line":139,"column":3}},"loc":{"start":{"line":139,"column":37},"end":{"line":144,"column":3}},"line":139},"8":{"name":"(anonymous_8)","decl":{"start":{"line":146,"column":2},"end":{"line":146,"column":3}},"loc":{"start":{"line":146,"column":67},"end":{"line":166,"column":3}},"line":146},"9":{"name":"(anonymous_9)","decl":{"start":{"line":168,"column":2},"end":{"line":168,"column":3}},"loc":{"start":{"line":168,"column":41},"end":{"line":172,"column":3}},"line":168}},"branchMap":{"0":{"loc":{"start":{"line":41,"column":4},"end":{"line":46,"column":5}},"type":"if","locations":[{"start":{"line":41,"column":4},"end":{"line":46,"column":5}},{"start":{"line":41,"column":4},"end":{"line":46,"column":5}}],"line":41},"1":{"loc":{"start":{"line":48,"column":4},"end":{"line":55,"column":5}},"type":"if","locations":[{"start":{"line":48,"column":4},"end":{"line":55,"column":5}},{"start":{"line":48,"column":4},"end":{"line":55,"column":5}}],"line":48},"2":{"loc":{"start":{"line":49,"column":6},"end":{"line":49,"column":37}},"type":"if","locations":[{"start":{"line":49,"column":6},"end":{"line":49,"column":37}},{"start":{"line":49,"column":6},"end":{"line":49,"column":37}}],"line":49},"3":{"loc":{"start":{"line":56,"column":4},"end":{"line":63,"column":5}},"type":"if","locations":[{"start":{"line":56,"column":4},"end":{"line":63,"column":5}},{"start":{"line":56,"column":4},"end":{"line":63,"column":5}}],"line":56},"4":{"loc":{"start":{"line":57,"column":6},"end":{"line":57,"column":37}},"type":"if","locations":[{"start":{"line":57,"column":6},"end":{"line":57,"column":37}},{"start":{"line":57,"column":6},"end":{"line":57,"column":37}}],"line":57},"5":{"loc":{"start":{"line":64,"column":4},"end":{"line":71,"column":5}},"type":"if","locations":[{"start":{"line":64,"column":4},"end":{"line":71,"column":5}},{"start":{"line":64,"column":4},"end":{"line":71,"column":5}}],"line":64},"6":{"loc":{"start":{"line":65,"column":6},"end":{"line":65,"column":37}},"type":"if","locations":[{"start":{"line":65,"column":6},"end":{"line":65,"column":37}},{"start":{"line":65,"column":6},"end":{"line":65,"column":37}}],"line":65},"7":{"loc":{"start":{"line":72,"column":4},"end":{"line":79,"column":5}},"type":"if","locations":[{"start":{"line":72,"column":4},"end":{"line":79,"column":5}},{"start":{"line":72,"column":4},"end":{"line":79,"column":5}}],"line":72},"8":{"loc":{"start":{"line":73,"column":6},"end":{"line":73,"column":37}},"type":"if","locations":[{"start":{"line":73,"column":6},"end":{"line":73,"column":37}},{"start":{"line":73,"column":6},"end":{"line":73,"column":37}}],"line":73},"9":{"loc":{"start":{"line":80,"column":4},"end":{"line":87,"column":5}},"type":"if","locations":[{"start":{"line":80,"column":4},"end":{"line":87,"column":5}},{"start":{"line":80,"column":4},"end":{"line":87,"column":5}}],"line":80},"10":{"loc":{"start":{"line":81,"column":6},"end":{"line":81,"column":37}},"type":"if","locations":[{"start":{"line":81,"column":6},"end":{"line":81,"column":37}},{"start":{"line":81,"column":6},"end":{"line":81,"column":37}}],"line":81},"11":{"loc":{"start":{"line":88,"column":4},"end":{"line":95,"column":5}},"type":"if","locations":[{"start":{"line":88,"column":4},"end":{"line":95,"column":5}},{"start":{"line":88,"column":4},"end":{"line":95,"column":5}}],"line":88},"12":{"loc":{"start":{"line":89,"column":6},"end":{"line":89,"column":37}},"type":"if","locations":[{"start":{"line":89,"column":6},"end":{"line":89,"column":37}},{"start":{"line":89,"column":6},"end":{"line":89,"column":37}}],"line":89},"13":{"loc":{"start":{"line":96,"column":4},"end":{"line":103,"column":5}},"type":"if","locations":[{"start":{"line":96,"column":4},"end":{"line":103,"column":5}},{"start":{"line":96,"column":4},"end":{"line":103,"column":5}}],"line":96},"14":{"loc":{"start":{"line":97,"column":6},"end":{"line":97,"column":37}},"type":"if","locations":[{"start":{"line":97,"column":6},"end":{"line":97,"column":37}},{"start":{"line":97,"column":6},"end":{"line":97,"column":37}}],"line":97},"15":{"loc":{"start":{"line":105,"column":4},"end":{"line":112,"column":5}},"type":"if","locations":[{"start":{"line":105,"column":4},"end":{"line":112,"column":5}},{"start":{"line":105,"column":4},"end":{"line":112,"column":5}}],"line":105},"16":{"loc":{"start":{"line":106,"column":6},"end":{"line":106,"column":37}},"type":"if","locations":[{"start":{"line":106,"column":6},"end":{"line":106,"column":37}},{"start":{"line":106,"column":6},"end":{"line":106,"column":37}}],"line":106},"17":{"loc":{"start":{"line":153,"column":4},"end":{"line":158,"column":5}},"type":"if","locations":[{"start":{"line":153,"column":4},"end":{"line":158,"column":5}},{"start":{"line":153,"column":4},"end":{"line":158,"column":5}}],"line":153},"18":{"loc":{"start":{"line":153,"column":8},"end":{"line":153,"column":34}},"type":"binary-expr","locations":[{"start":{"line":153,"column":8},"end":{"line":153,"column":20}},{"start":{"line":153,"column":24},"end":{"line":153,"column":34}}],"line":153},"19":{"loc":{"start":{"line":160,"column":4},"end":{"line":163,"column":5}},"type":"if","locations":[{"start":{"line":160,"column":4},"end":{"line":163,"column":5}},{"start":{"line":160,"column":4},"end":{"line":163,"column":5}}],"line":160},"20":{"loc":{"start":{"line":160,"column":8},"end":{"line":160,"column":51}},"type":"binary-expr","locations":[{"start":{"line":160,"column":8},"end":{"line":160,"column":28}},{"start":{"line":160,"column":32},"end":{"line":160,"column":51}}],"line":160}},"s":{"0":2,"1":0,"2":0,"3":0,"4":0,"5":0,"6":0,"7":0,"8":0,"9":0,"10":0,"11":0,"12":0,"13":0,"14":0,"15":0,"16":0,"17":0,"18":0,"19":0,"20":0,"21":0,"22":0,"23":0,"24":0,"25":0,"26":0,"27":0,"28":0,"29":0,"30":0,"31":0,"32":0,"33":0,"34":0,"35":0,"36":0,"37":0,"38":0,"39":0,"40":0,"41":0,"42":0,"43":0,"44":0,"45":0,"46":0,"47":0,"48":0,"49":0,"50":0,"51":0,"52":0,"53":0,"54":0,"55":0,"56":0,"57":0,"58":0,"59":0,"60":0,"61":0,"62":0,"63":0,"64":0,"65":0,"66":0,"67":0,"68":0,"69":0,"70":0,"71":0,"72":0,"73":0,"74":0,"75":0,"76":0,"77":0,"78":0,"79":0,"80":0,"81":0,"82":0,"83":0,"84":0,"85":0,"86":2},"f":{"0":0,"1":0,"2":0,"3":0,"4":0,"5":0,"6":0,"7":0,"8":0,"9":0},"b":{"0":[0,0],"1":[0,0],"2":[0,0],"3":[0,0],"4":[0,0],"5":[0,0],"6":[0,0],"7":[0,0],"8":[0,0],"9":[0,0],"10":[0,0],"11":[0,0],"12":[0,0],"13":[0,0],"14":[0,0],"15":[0,0],"16":[0,0],"17":[0,0],"18":[0,0],"19":[0,0],"20":[0,0]},"_coverageSchema":"43e27e138ebf9cfc5966b082cf9a028302ed4184","hash":"757e43eef135f481849f3bbc57795ac180329a3f"}
,"/app/src/repositories/main.repository.js": {"path":"/app/src/repositories/main.repository.js","statementMap":{"0":{"start":{"line":1,"column":24},"end":{"line":1,"column":53}},"1":{"start":{"line":2,"column":25},"end":{"line":2,"column":45}},"2":{"start":{"line":4,"column":11},"end":{"line":4,"column":15}},"3":{"start":{"line":9,"column":16},"end":{"line":14,"column":1}},"4":{"start":{"line":10,"column":39},"end":{"line":10,"column":51}},"5":{"start":{"line":12,"column":4},"end":{"line":12,"column":55}},"6":{"start":{"line":13,"column":4},"end":{"line":13,"column":19}},"7":{"start":{"line":19,"column":19},"end":{"line":19,"column":42}},"8":{"start":{"line":19,"column":25},"end":{"line":19,"column":42}},"9":{"start":{"line":26,"column":14},"end":{"line":26,"column":58}},"10":{"start":{"line":26,"column":33},"end":{"line":26,"column":58}},"11":{"start":{"line":27,"column":17},"end":{"line":27,"column":58}},"12":{"start":{"line":27,"column":33},"end":{"line":27,"column":58}},"13":{"start":{"line":29,"column":0},"end":{"line":29,"column":58}}},"fnMap":{"0":{"name":"(anonymous_0)","decl":{"start":{"line":9,"column":16},"end":{"line":9,"column":17}},"loc":{"start":{"line":9,"column":22},"end":{"line":14,"column":1}},"line":9},"1":{"name":"(anonymous_1)","decl":{"start":{"line":19,"column":19},"end":{"line":19,"column":20}},"loc":{"start":{"line":19,"column":25},"end":{"line":19,"column":42}},"line":19},"2":{"name":"(anonymous_2)","decl":{"start":{"line":26,"column":14},"end":{"line":26,"column":15}},"loc":{"start":{"line":26,"column":33},"end":{"line":26,"column":58}},"line":26},"3":{"name":"(anonymous_3)","decl":{"start":{"line":27,"column":17},"end":{"line":27,"column":18}},"loc":{"start":{"line":27,"column":33},"end":{"line":27,"column":58}},"line":27}},"branchMap":{},"s":{"0":4,"1":4,"2":4,"3":4,"4":0,"5":0,"6":0,"7":4,"8":0,"9":4,"10":0,"11":4,"12":0,"13":4},"f":{"0":0,"1":0,"2":0,"3":0},"b":{},"_coverageSchema":"43e27e138ebf9cfc5966b082cf9a028302ed4184","hash":"96ebe85abaa98d9a8350bc2c6c0b1140ddbf9012"}
,"/app/src/repositories/mysql.repository.js": {"path":"/app/src/repositories/mysql.repository.js","statementMap":{"0":{"start":{"line":1,"column":13},"end":{"line":1,"column":28}},"1":{"start":{"line":2,"column":14},"end":{"line":2,"column":30}},"2":{"start":{"line":3,"column":12},"end":{"line":3,"column":29}},"3":{"start":{"line":7,"column":4},"end":{"line":7,"column":21}},"4":{"start":{"line":8,"column":4},"end":{"line":8,"column":21}},"5":{"start":{"line":9,"column":4},"end":{"line":9,"column":21}},"6":{"start":{"line":10,"column":4},"end":{"line":10,"column":21}},"7":{"start":{"line":11,"column":4},"end":{"line":11,"column":21}},"8":{"start":{"line":15,"column":4},"end":{"line":21,"column":7}},"9":{"start":{"line":24,"column":4},"end":{"line":39,"column":7}},"10":{"start":{"line":25,"column":6},"end":{"line":36,"column":7}},"11":{"start":{"line":26,"column":8},"end":{"line":34,"column":9}},"12":{"start":{"line":27,"column":10},"end":{"line":27,"column":59}},"13":{"start":{"line":28,"column":15},"end":{"line":34,"column":9}},"14":{"start":{"line":29,"column":10},"end":{"line":29,"column":62}},"15":{"start":{"line":30,"column":15},"end":{"line":34,"column":9}},"16":{"start":{"line":31,"column":10},"end":{"line":31,"column":60}},"17":{"start":{"line":33,"column":10},"end":{"line":33,"column":29}},"18":{"start":{"line":35,"column":8},"end":{"line":35,"column":18}},"19":{"start":{"line":37,"column":6},"end":{"line":37,"column":43}},"20":{"start":{"line":37,"column":22},"end":{"line":37,"column":43}},"21":{"start":{"line":38,"column":6},"end":{"line":38,"column":13}},"22":{"start":{"line":42,"column":4},"end":{"line":42,"column":54}},"23":{"start":{"line":49,"column":4},"end":{"line":56,"column":7}},"24":{"start":{"line":50,"column":6},"end":{"line":55,"column":9}},"25":{"start":{"line":51,"column":8},"end":{"line":53,"column":9}},"26":{"start":{"line":52,"column":10},"end":{"line":52,"column":22}},"27":{"start":{"line":54,"column":8},"end":{"line":54,"column":18}},"28":{"start":{"line":65,"column":15},"end":{"line":65,"column":25}},"29":{"start":{"line":66,"column":4},"end":{"line":68,"column":6}},"30":{"start":{"line":69,"column":4},"end":{"line":69,"column":21}},"31":{"start":{"line":70,"column":4},"end":{"line":82,"column":5}},"32":{"start":{"line":72,"column":21},"end":{"line":72,"column":57}},"33":{"start":{"line":73,"column":6},"end":{"line":73,"column":70}},"34":{"start":{"line":74,"column":6},"end":{"line":74,"column":26}},"35":{"start":{"line":75,"column":6},"end":{"line":75,"column":20}},"36":{"start":{"line":77,"column":6},"end":{"line":79,"column":8}},"37":{"start":{"line":80,"column":6},"end":{"line":80,"column":26}},"38":{"start":{"line":81,"column":6},"end":{"line":81,"column":18}},"39":{"start":{"line":86,"column":4},"end":{"line":86,"column":42}},"40":{"start":{"line":90,"column":0},"end":{"line":90,"column":33}}},"fnMap":{"0":{"name":"(anonymous_0)","decl":{"start":{"line":6,"column":2},"end":{"line":6,"column":3}},"loc":{"start":{"line":6,"column":38},"end":{"line":12,"column":3}},"line":6},"1":{"name":"(anonymous_1)","decl":{"start":{"line":14,"column":2},"end":{"line":14,"column":3}},"loc":{"start":{"line":14,"column":12},"end":{"line":43,"column":3}},"line":14},"2":{"name":"(anonymous_2)","decl":{"start":{"line":24,"column":28},"end":{"line":24,"column":29}},"loc":{"start":{"line":24,"column":49},"end":{"line":39,"column":5}},"line":24},"3":{"name":"(anonymous_3)","decl":{"start":{"line":48,"column":2},"end":{"line":48,"column":3}},"loc":{"start":{"line":48,"column":15},"end":{"line":57,"column":3}},"line":48},"4":{"name":"(anonymous_4)","decl":{"start":{"line":49,"column":23},"end":{"line":49,"column":24}},"loc":{"start":{"line":49,"column":44},"end":{"line":56,"column":5}},"line":49},"5":{"name":"(anonymous_5)","decl":{"start":{"line":50,"column":20},"end":{"line":50,"column":21}},"loc":{"start":{"line":50,"column":27},"end":{"line":55,"column":7}},"line":50},"6":{"name":"(anonymous_6)","decl":{"start":{"line":64,"column":2},"end":{"line":64,"column":3}},"loc":{"start":{"line":64,"column":29},"end":{"line":83,"column":3}},"line":64},"7":{"name":"(anonymous_7)","decl":{"start":{"line":85,"column":2},"end":{"line":85,"column":3}},"loc":{"start":{"line":85,"column":23},"end":{"line":87,"column":3}},"line":85}},"branchMap":{"0":{"loc":{"start":{"line":25,"column":6},"end":{"line":36,"column":7}},"type":"if","locations":[{"start":{"line":25,"column":6},"end":{"line":36,"column":7}},{"start":{"line":25,"column":6},"end":{"line":36,"column":7}}],"line":25},"1":{"loc":{"start":{"line":26,"column":8},"end":{"line":34,"column":9}},"type":"if","locations":[{"start":{"line":26,"column":8},"end":{"line":34,"column":9}},{"start":{"line":26,"column":8},"end":{"line":34,"column":9}}],"line":26},"2":{"loc":{"start":{"line":28,"column":15},"end":{"line":34,"column":9}},"type":"if","locations":[{"start":{"line":28,"column":15},"end":{"line":34,"column":9}},{"start":{"line":28,"column":15},"end":{"line":34,"column":9}}],"line":28},"3":{"loc":{"start":{"line":30,"column":15},"end":{"line":34,"column":9}},"type":"if","locations":[{"start":{"line":30,"column":15},"end":{"line":34,"column":9}},{"start":{"line":30,"column":15},"end":{"line":34,"column":9}}],"line":30},"4":{"loc":{"start":{"line":37,"column":6},"end":{"line":37,"column":43}},"type":"if","locations":[{"start":{"line":37,"column":6},"end":{"line":37,"column":43}},{"start":{"line":37,"column":6},"end":{"line":37,"column":43}}],"line":37},"5":{"loc":{"start":{"line":51,"column":8},"end":{"line":53,"column":9}},"type":"if","locations":[{"start":{"line":51,"column":8},"end":{"line":53,"column":9}},{"start":{"line":51,"column":8},"end":{"line":53,"column":9}}],"line":51}},"s":{"0":4,"1":4,"2":4,"3":0,"4":0,"5":0,"6":0,"7":0,"8":0,"9":0,"10":0,"11":0,"12":0,"13":0,"14":0,"15":0,"16":0,"17":0,"18":0,"19":0,"20":0,"21":0,"22":0,"23":0,"24":0,"25":0,"26":0,"27":0,"28":0,"29":0,"30":0,"31":0,"32":0,"33":0,"34":0,"35":0,"36":0,"37":0,"38":0,"39":0,"40":4},"f":{"0":0,"1":0,"2":0,"3":0,"4":0,"5":0,"6":0,"7":0},"b":{"0":[0,0],"1":[0,0],"2":[0,0],"3":[0,0],"4":[0,0],"5":[0,0]},"_coverageSchema":"43e27e138ebf9cfc5966b082cf9a028302ed4184","hash":"8eca3d09b744692d043022b81d46ec785881da05"}
,"/app/src/services/token.service.js": {"path":"/app/src/services/token.service.js","statementMap":{"0":{"start":{"line":1,"column":17},"end":{"line":1,"column":44}},"1":{"start":{"line":2,"column":12},"end":{"line":2,"column":35}},"2":{"start":{"line":3,"column":38},"end":{"line":3,"column":70}},"3":{"start":{"line":7,"column":23},"end":{"line":7,"column":68}},"4":{"start":{"line":8,"column":22},"end":{"line":8,"column":40}},"5":{"start":{"line":10,"column":27},"end":{"line":10,"column":64}},"6":{"start":{"line":12,"column":4},"end":{"line":12,"column":43}},"7":{"start":{"line":14,"column":4},"end":{"line":18,"column":5}},"8":{"start":{"line":15,"column":6},"end":{"line":15,"column":66}},"9":{"start":{"line":17,"column":6},"end":{"line":17,"column":42}},"10":{"start":{"line":20,"column":4},"end":{"line":20,"column":49}},"11":{"start":{"line":24,"column":23},"end":{"line":24,"column":73}},"12":{"start":{"line":25,"column":22},"end":{"line":25,"column":40}},"13":{"start":{"line":27,"column":27},"end":{"line":27,"column":64}},"14":{"start":{"line":29,"column":4},"end":{"line":29,"column":43}},"15":{"start":{"line":30,"column":4},"end":{"line":30,"column":75}},"16":{"start":{"line":32,"column":4},"end":{"line":32,"column":49}},"17":{"start":{"line":36,"column":23},"end":{"line":36,"column":73}},"18":{"start":{"line":37,"column":22},"end":{"line":37,"column":40}},"19":{"start":{"line":39,"column":27},"end":{"line":39,"column":64}},"20":{"start":{"line":41,"column":4},"end":{"line":41,"column":43}},"21":{"start":{"line":42,"column":4},"end":{"line":42,"column":70}},"22":{"start":{"line":44,"column":4},"end":{"line":44,"column":49}},"23":{"start":{"line":48,"column":4},"end":{"line":48,"column":39}},"24":{"start":{"line":52,"column":0},"end":{"line":52,"column":30}}},"fnMap":{"0":{"name":"(anonymous_0)","decl":{"start":{"line":6,"column":2},"end":{"line":6,"column":3}},"loc":{"start":{"line":6,"column":35},"end":{"line":21,"column":3}},"line":6},"1":{"name":"(anonymous_1)","decl":{"start":{"line":23,"column":2},"end":{"line":23,"column":3}},"loc":{"start":{"line":23,"column":41},"end":{"line":33,"column":3}},"line":23},"2":{"name":"(anonymous_2)","decl":{"start":{"line":35,"column":2},"end":{"line":35,"column":3}},"loc":{"start":{"line":35,"column":42},"end":{"line":45,"column":3}},"line":35},"3":{"name":"(anonymous_3)","decl":{"start":{"line":47,"column":2},"end":{"line":47,"column":3}},"loc":{"start":{"line":47,"column":34},"end":{"line":49,"column":3}},"line":47}},"branchMap":{},"s":{"0":2,"1":2,"2":2,"3":0,"4":0,"5":0,"6":0,"7":0,"8":0,"9":0,"10":0,"11":0,"12":0,"13":0,"14":0,"15":0,"16":0,"17":0,"18":0,"19":0,"20":0,"21":0,"22":0,"23":0,"24":2},"f":{"0":0,"1":0,"2":0,"3":0},"b":{},"_coverageSchema":"43e27e138ebf9cfc5966b082cf9a028302ed4184","hash":"fadbb26c45d57079880ca4c6b30cd1868f1fd5e1"}
,"/app/src/services/user.service.js": {"path":"/app/src/services/user.service.js","statementMap":{"0":{"start":{"line":1,"column":16},"end":{"line":1,"column":42}},"1":{"start":{"line":2,"column":17},"end":{"line":2,"column":44}},"2":{"start":{"line":3,"column":21},"end":{"line":3,"column":47}},"3":{"start":{"line":4,"column":15},"end":{"line":4,"column":46}},"4":{"start":{"line":21,"column":18},"end":{"line":21,"column":27}},"5":{"start":{"line":22,"column":19},"end":{"line":22,"column":55}},"6":{"start":{"line":23,"column":26},"end":{"line":23,"column":42}},"7":{"start":{"line":25,"column":4},"end":{"line":26,"column":75}},"8":{"start":{"line":26,"column":6},"end":{"line":26,"column":75}},"9":{"start":{"line":28,"column":30},"end":{"line":28,"column":61}},"10":{"start":{"line":30,"column":17},"end":{"line":44,"column":5}},"11":{"start":{"line":46,"column":4},"end":{"line":46,"column":32}},"12":{"start":{"line":50,"column":18},"end":{"line":50,"column":26}},"13":{"start":{"line":51,"column":19},"end":{"line":51,"column":62}},"14":{"start":{"line":52,"column":23},"end":{"line":52,"column":32}},"15":{"start":{"line":54,"column":4},"end":{"line":59,"column":8}},"16":{"start":{"line":55,"column":6},"end":{"line":59,"column":8}},"17":{"start":{"line":61,"column":4},"end":{"line":62,"column":56}},"18":{"start":{"line":62,"column":6},"end":{"line":62,"column":56}},"19":{"start":{"line":64,"column":21},"end":{"line":64,"column":52}},"20":{"start":{"line":65,"column":30},"end":{"line":65,"column":61}},"21":{"start":{"line":67,"column":4},"end":{"line":67,"column":42}},"22":{"start":{"line":69,"column":17},"end":{"line":83,"column":5}},"23":{"start":{"line":85,"column":4},"end":{"line":85,"column":32}},"24":{"start":{"line":89,"column":23},"end":{"line":89,"column":67}},"25":{"start":{"line":90,"column":4},"end":{"line":95,"column":8}},"26":{"start":{"line":91,"column":6},"end":{"line":95,"column":8}},"27":{"start":{"line":97,"column":21},"end":{"line":97,"column":34}},"28":{"start":{"line":99,"column":4},"end":{"line":104,"column":8}},"29":{"start":{"line":100,"column":6},"end":{"line":104,"column":8}},"30":{"start":{"line":106,"column":18},"end":{"line":109,"column":5}},"31":{"start":{"line":110,"column":4},"end":{"line":115,"column":8}},"32":{"start":{"line":111,"column":6},"end":{"line":115,"column":8}},"33":{"start":{"line":117,"column":4},"end":{"line":117,"column":53}},"34":{"start":{"line":121,"column":4},"end":{"line":121,"column":43}},"35":{"start":{"line":127,"column":4},"end":{"line":129,"column":64}},"36":{"start":{"line":128,"column":6},"end":{"line":128,"column":53}},"37":{"start":{"line":129,"column":11},"end":{"line":129,"column":64}},"38":{"start":{"line":131,"column":4},"end":{"line":136,"column":8}},"39":{"start":{"line":132,"column":6},"end":{"line":136,"column":8}},"40":{"start":{"line":137,"column":4},"end":{"line":137,"column":18}},"41":{"start":{"line":141,"column":4},"end":{"line":146,"column":8}},"42":{"start":{"line":142,"column":6},"end":{"line":146,"column":8}},"43":{"start":{"line":150,"column":4},"end":{"line":165,"column":5}},"44":{"start":{"line":151,"column":21},"end":{"line":151,"column":36}},"45":{"start":{"line":152,"column":6},"end":{"line":161,"column":7}},"46":{"start":{"line":153,"column":8},"end":{"line":153,"column":33}},"47":{"start":{"line":154,"column":8},"end":{"line":154,"column":31}},"48":{"start":{"line":155,"column":8},"end":{"line":160,"column":9}},"49":{"start":{"line":159,"column":10},"end":{"line":159,"column":29}},"50":{"start":{"line":163,"column":6},"end":{"line":163,"column":26}},"51":{"start":{"line":164,"column":6},"end":{"line":164,"column":25}},"52":{"start":{"line":167,"column":4},"end":{"line":172,"column":5}},"53":{"start":{"line":171,"column":6},"end":{"line":171,"column":25}},"54":{"start":{"line":176,"column":4},"end":{"line":180,"column":5}},"55":{"start":{"line":177,"column":6},"end":{"line":177,"column":15}},"56":{"start":{"line":179,"column":6},"end":{"line":179,"column":32}},"57":{"start":{"line":182,"column":23},"end":{"line":188,"column":5}},"58":{"start":{"line":189,"column":23},"end":{"line":195,"column":5}},"59":{"start":{"line":196,"column":4},"end":{"line":199,"column":6}},"60":{"start":{"line":203,"column":19},"end":{"line":203,"column":55}},"61":{"start":{"line":206,"column":4},"end":{"line":206,"column":66}},"62":{"start":{"line":207,"column":4},"end":{"line":207,"column":19}},"63":{"start":{"line":211,"column":19},"end":{"line":211,"column":49}},"64":{"start":{"line":213,"column":4},"end":{"line":218,"column":8}},"65":{"start":{"line":214,"column":6},"end":{"line":218,"column":8}},"66":{"start":{"line":219,"column":23},"end":{"line":219,"column":32}},"67":{"start":{"line":221,"column":28},"end":{"line":221,"column":48}},"68":{"start":{"line":222,"column":26},"end":{"line":222,"column":56}},"69":{"start":{"line":224,"column":4},"end":{"line":229,"column":5}},"70":{"start":{"line":225,"column":6},"end":{"line":225,"column":26}},"71":{"start":{"line":226,"column":11},"end":{"line":229,"column":5}},"72":{"start":{"line":226,"column":54},"end":{"line":226,"column":74}},"73":{"start":{"line":228,"column":6},"end":{"line":228,"column":53}},"74":{"start":{"line":245,"column":19},"end":{"line":245,"column":49}},"75":{"start":{"line":246,"column":4},"end":{"line":251,"column":8}},"76":{"start":{"line":247,"column":6},"end":{"line":251,"column":8}},"77":{"start":{"line":253,"column":22},"end":{"line":253,"column":52}},"78":{"start":{"line":255,"column":4},"end":{"line":260,"column":8}},"79":{"start":{"line":256,"column":6},"end":{"line":260,"column":8}},"80":{"start":{"line":262,"column":4},"end":{"line":273,"column":6}},"81":{"start":{"line":277,"column":21},"end":{"line":277,"column":59}},"82":{"start":{"line":278,"column":4},"end":{"line":283,"column":8}},"83":{"start":{"line":279,"column":6},"end":{"line":283,"column":8}},"84":{"start":{"line":285,"column":22},"end":{"line":285,"column":52}},"85":{"start":{"line":286,"column":4},"end":{"line":291,"column":8}},"86":{"start":{"line":287,"column":6},"end":{"line":291,"column":8}},"87":{"start":{"line":293,"column":18},"end":{"line":296,"column":5}},"88":{"start":{"line":297,"column":4},"end":{"line":302,"column":8}},"89":{"start":{"line":298,"column":6},"end":{"line":302,"column":8}},"90":{"start":{"line":304,"column":30},"end":{"line":304,"column":64}},"91":{"start":{"line":306,"column":4},"end":{"line":306,"column":57}},"92":{"start":{"line":310,"column":20},"end":{"line":310,"column":46}},"93":{"start":{"line":312,"column":4},"end":{"line":325,"column":5}},"94":{"start":{"line":313,"column":21},"end":{"line":313,"column":34}},"95":{"start":{"line":314,"column":25},"end":{"line":314,"column":74}},"96":{"start":{"line":316,"column":6},"end":{"line":316,"column":60}},"97":{"start":{"line":318,"column":6},"end":{"line":318,"column":15}},"98":{"start":{"line":320,"column":6},"end":{"line":324,"column":8}},"99":{"start":{"line":329,"column":19},"end":{"line":329,"column":49}},"100":{"start":{"line":331,"column":4},"end":{"line":336,"column":8}},"101":{"start":{"line":332,"column":6},"end":{"line":336,"column":8}},"102":{"start":{"line":337,"column":23},"end":{"line":337,"column":32}},"103":{"start":{"line":339,"column":28},"end":{"line":339,"column":48}},"104":{"start":{"line":340,"column":26},"end":{"line":340,"column":56}},"105":{"start":{"line":342,"column":4},"end":{"line":353,"column":5}},"106":{"start":{"line":343,"column":6},"end":{"line":346,"column":8}},"107":{"start":{"line":347,"column":6},"end":{"line":347,"column":43}},"108":{"start":{"line":348,"column":6},"end":{"line":348,"column":26}},"109":{"start":{"line":349,"column":11},"end":{"line":353,"column":5}},"110":{"start":{"line":349,"column":49},"end":{"line":349,"column":69}},"111":{"start":{"line":351,"column":32},"end":{"line":351,"column":63}},"112":{"start":{"line":352,"column":6},"end":{"line":352,"column":77}},"113":{"start":{"line":357,"column":0},"end":{"line":357,"column":29}}},"fnMap":{"0":{"name":"(anonymous_0)","decl":{"start":{"line":7,"column":2},"end":{"line":7,"column":3}},"loc":{"start":{"line":20,"column":4},"end":{"line":47,"column":3}},"line":20},"1":{"name":"(anonymous_1)","decl":{"start":{"line":49,"column":2},"end":{"line":49,"column":3}},"loc":{"start":{"line":49,"column":46},"end":{"line":86,"column":3}},"line":49},"2":{"name":"(anonymous_2)","decl":{"start":{"line":88,"column":2},"end":{"line":88,"column":3}},"loc":{"start":{"line":88,"column":38},"end":{"line":118,"column":3}},"line":88},"3":{"name":"(anonymous_3)","decl":{"start":{"line":120,"column":2},"end":{"line":120,"column":3}},"loc":{"start":{"line":120,"column":23},"end":{"line":122,"column":3}},"line":120},"4":{"name":"(anonymous_4)","decl":{"start":{"line":124,"column":2},"end":{"line":124,"column":3}},"loc":{"start":{"line":124,"column":40},"end":{"line":138,"column":3}},"line":124},"5":{"name":"(anonymous_5)","decl":{"start":{"line":140,"column":2},"end":{"line":140,"column":3}},"loc":{"start":{"line":140,"column":53},"end":{"line":200,"column":3}},"line":140},"6":{"name":"(anonymous_6)","decl":{"start":{"line":202,"column":2},"end":{"line":202,"column":3}},"loc":{"start":{"line":202,"column":33},"end":{"line":208,"column":3}},"line":202},"7":{"name":"(anonymous_7)","decl":{"start":{"line":210,"column":2},"end":{"line":210,"column":3}},"loc":{"start":{"line":210,"column":35},"end":{"line":230,"column":3}},"line":210},"8":{"name":"(anonymous_8)","decl":{"start":{"line":232,"column":2},"end":{"line":232,"column":3}},"loc":{"start":{"line":244,"column":4},"end":{"line":274,"column":3}},"line":244},"9":{"name":"(anonymous_9)","decl":{"start":{"line":276,"column":2},"end":{"line":276,"column":3}},"loc":{"start":{"line":276,"column":71},"end":{"line":307,"column":3}},"line":276},"10":{"name":"(anonymous_10)","decl":{"start":{"line":309,"column":2},"end":{"line":309,"column":3}},"loc":{"start":{"line":309,"column":37},"end":{"line":326,"column":3}},"line":309},"11":{"name":"(anonymous_11)","decl":{"start":{"line":328,"column":2},"end":{"line":328,"column":3}},"loc":{"start":{"line":328,"column":55},"end":{"line":354,"column":3}},"line":328}},"branchMap":{"0":{"loc":{"start":{"line":25,"column":4},"end":{"line":26,"column":75}},"type":"if","locations":[{"start":{"line":25,"column":4},"end":{"line":26,"column":75}},{"start":{"line":25,"column":4},"end":{"line":26,"column":75}}],"line":25},"1":{"loc":{"start":{"line":54,"column":4},"end":{"line":59,"column":8}},"type":"if","locations":[{"start":{"line":54,"column":4},"end":{"line":59,"column":8}},{"start":{"line":54,"column":4},"end":{"line":59,"column":8}}],"line":54},"2":{"loc":{"start":{"line":54,"column":8},"end":{"line":54,"column":46}},"type":"binary-expr","locations":[{"start":{"line":54,"column":8},"end":{"line":54,"column":18}},{"start":{"line":54,"column":22},"end":{"line":54,"column":46}}],"line":54},"3":{"loc":{"start":{"line":61,"column":4},"end":{"line":62,"column":56}},"type":"if","locations":[{"start":{"line":61,"column":4},"end":{"line":62,"column":56}},{"start":{"line":61,"column":4},"end":{"line":62,"column":56}}],"line":61},"4":{"loc":{"start":{"line":61,"column":8},"end":{"line":61,"column":46}},"type":"binary-expr","locations":[{"start":{"line":61,"column":8},"end":{"line":61,"column":18}},{"start":{"line":61,"column":22},"end":{"line":61,"column":46}}],"line":61},"5":{"loc":{"start":{"line":90,"column":4},"end":{"line":95,"column":8}},"type":"if","locations":[{"start":{"line":90,"column":4},"end":{"line":95,"column":8}},{"start":{"line":90,"column":4},"end":{"line":95,"column":8}}],"line":90},"6":{"loc":{"start":{"line":99,"column":4},"end":{"line":104,"column":8}},"type":"if","locations":[{"start":{"line":99,"column":4},"end":{"line":104,"column":8}},{"start":{"line":99,"column":4},"end":{"line":104,"column":8}}],"line":99},"7":{"loc":{"start":{"line":110,"column":4},"end":{"line":115,"column":8}},"type":"if","locations":[{"start":{"line":110,"column":4},"end":{"line":115,"column":8}},{"start":{"line":110,"column":4},"end":{"line":115,"column":8}}],"line":110},"8":{"loc":{"start":{"line":127,"column":4},"end":{"line":129,"column":64}},"type":"if","locations":[{"start":{"line":127,"column":4},"end":{"line":129,"column":64}},{"start":{"line":127,"column":4},"end":{"line":129,"column":64}}],"line":127},"9":{"loc":{"start":{"line":131,"column":4},"end":{"line":136,"column":8}},"type":"if","locations":[{"start":{"line":131,"column":4},"end":{"line":136,"column":8}},{"start":{"line":131,"column":4},"end":{"line":136,"column":8}}],"line":131},"10":{"loc":{"start":{"line":141,"column":4},"end":{"line":146,"column":8}},"type":"if","locations":[{"start":{"line":141,"column":4},"end":{"line":146,"column":8}},{"start":{"line":141,"column":4},"end":{"line":146,"column":8}}],"line":141},"11":{"loc":{"start":{"line":141,"column":8},"end":{"line":141,"column":31}},"type":"binary-expr","locations":[{"start":{"line":141,"column":8},"end":{"line":141,"column":18}},{"start":{"line":141,"column":22},"end":{"line":141,"column":31}}],"line":141},"12":{"loc":{"start":{"line":150,"column":4},"end":{"line":165,"column":5}},"type":"if","locations":[{"start":{"line":150,"column":4},"end":{"line":165,"column":5}},{"start":{"line":150,"column":4},"end":{"line":165,"column":5}}],"line":150},"13":{"loc":{"start":{"line":152,"column":6},"end":{"line":161,"column":7}},"type":"if","locations":[{"start":{"line":152,"column":6},"end":{"line":161,"column":7}},{"start":{"line":152,"column":6},"end":{"line":161,"column":7}}],"line":152},"14":{"loc":{"start":{"line":155,"column":8},"end":{"line":160,"column":9}},"type":"if","locations":[{"start":{"line":155,"column":8},"end":{"line":160,"column":9}},{"start":{"line":155,"column":8},"end":{"line":160,"column":9}}],"line":155},"15":{"loc":{"start":{"line":156,"column":10},"end":{"line":157,"column":45}},"type":"binary-expr","locations":[{"start":{"line":156,"column":10},"end":{"line":156,"column":44}},{"start":{"line":157,"column":10},"end":{"line":157,"column":45}}],"line":156},"16":{"loc":{"start":{"line":167,"column":4},"end":{"line":172,"column":5}},"type":"if","locations":[{"start":{"line":167,"column":4},"end":{"line":172,"column":5}},{"start":{"line":167,"column":4},"end":{"line":172,"column":5}}],"line":167},"17":{"loc":{"start":{"line":168,"column":6},"end":{"line":169,"column":41}},"type":"binary-expr","locations":[{"start":{"line":168,"column":6},"end":{"line":168,"column":40}},{"start":{"line":169,"column":6},"end":{"line":169,"column":41}}],"line":168},"18":{"loc":{"start":{"line":176,"column":4},"end":{"line":180,"column":5}},"type":"if","locations":[{"start":{"line":176,"column":4},"end":{"line":180,"column":5}},{"start":{"line":176,"column":4},"end":{"line":180,"column":5}}],"line":176},"19":{"loc":{"start":{"line":206,"column":4},"end":{"line":206,"column":65}},"type":"cond-expr","locations":[{"start":{"line":206,"column":30},"end":{"line":206,"column":45}},{"start":{"line":206,"column":50},"end":{"line":206,"column":64}}],"line":206},"20":{"loc":{"start":{"line":213,"column":4},"end":{"line":218,"column":8}},"type":"if","locations":[{"start":{"line":213,"column":4},"end":{"line":218,"column":8}},{"start":{"line":213,"column":4},"end":{"line":218,"column":8}}],"line":213},"21":{"loc":{"start":{"line":224,"column":4},"end":{"line":229,"column":5}},"type":"if","locations":[{"start":{"line":224,"column":4},"end":{"line":229,"column":5}},{"start":{"line":224,"column":4},"end":{"line":229,"column":5}}],"line":224},"22":{"loc":{"start":{"line":226,"column":11},"end":{"line":229,"column":5}},"type":"if","locations":[{"start":{"line":226,"column":11},"end":{"line":229,"column":5}},{"start":{"line":226,"column":11},"end":{"line":229,"column":5}}],"line":226},"23":{"loc":{"start":{"line":246,"column":4},"end":{"line":251,"column":8}},"type":"if","locations":[{"start":{"line":246,"column":4},"end":{"line":251,"column":8}},{"start":{"line":246,"column":4},"end":{"line":251,"column":8}}],"line":246},"24":{"loc":{"start":{"line":255,"column":4},"end":{"line":260,"column":8}},"type":"if","locations":[{"start":{"line":255,"column":4},"end":{"line":260,"column":8}},{"start":{"line":255,"column":4},"end":{"line":260,"column":8}}],"line":255},"25":{"loc":{"start":{"line":278,"column":4},"end":{"line":283,"column":8}},"type":"if","locations":[{"start":{"line":278,"column":4},"end":{"line":283,"column":8}},{"start":{"line":278,"column":4},"end":{"line":283,"column":8}}],"line":278},"26":{"loc":{"start":{"line":286,"column":4},"end":{"line":291,"column":8}},"type":"if","locations":[{"start":{"line":286,"column":4},"end":{"line":291,"column":8}},{"start":{"line":286,"column":4},"end":{"line":291,"column":8}}],"line":286},"27":{"loc":{"start":{"line":297,"column":4},"end":{"line":302,"column":8}},"type":"if","locations":[{"start":{"line":297,"column":4},"end":{"line":302,"column":8}},{"start":{"line":297,"column":4},"end":{"line":302,"column":8}}],"line":297},"28":{"loc":{"start":{"line":312,"column":4},"end":{"line":325,"column":5}},"type":"if","locations":[{"start":{"line":312,"column":4},"end":{"line":325,"column":5}},{"start":{"line":312,"column":4},"end":{"line":325,"column":5}}],"line":312},"29":{"loc":{"start":{"line":331,"column":4},"end":{"line":336,"column":8}},"type":"if","locations":[{"start":{"line":331,"column":4},"end":{"line":336,"column":8}},{"start":{"line":331,"column":4},"end":{"line":336,"column":8}}],"line":331},"30":{"loc":{"start":{"line":342,"column":4},"end":{"line":353,"column":5}},"type":"if","locations":[{"start":{"line":342,"column":4},"end":{"line":353,"column":5}},{"start":{"line":342,"column":4},"end":{"line":353,"column":5}}],"line":342},"31":{"loc":{"start":{"line":349,"column":11},"end":{"line":353,"column":5}},"type":"if","locations":[{"start":{"line":349,"column":11},"end":{"line":353,"column":5}},{"start":{"line":349,"column":11},"end":{"line":353,"column":5}}],"line":349}},"s":{"0":2,"1":2,"2":2,"3":2,"4":1,"5":1,"6":1,"7":1,"8":1,"9":0,"10":0,"11":0,"12":2,"13":2,"14":2,"15":2,"16":1,"17":1,"18":1,"19":0,"20":0,"21":0,"22":0,"23":0,"24":3,"25":3,"26":1,"27":2,"28":2,"29":1,"30":1,"31":1,"32":1,"33":0,"34":0,"35":2,"36":0,"37":2,"38":2,"39":0,"40":2,"41":2,"42":0,"43":2,"44":0,"45":0,"46":0,"47":0,"48":0,"49":0,"50":2,"51":2,"52":2,"53":0,"54":2,"55":1,"56":1,"57":2,"58":2,"59":2,"60":2,"61":2,"62":2,"63":4,"64":4,"65":1,"66":3,"67":3,"68":3,"69":3,"70":1,"71":2,"72":1,"73":1,"74":3,"75":3,"76":1,"77":2,"78":2,"79":1,"80":1,"81":4,"82":4,"83":1,"84":3,"85":3,"86":1,"87":2,"88":2,"89":1,"90":1,"91":1,"92":1,"93":1,"94":0,"95":0,"96":0,"97":0,"98":1,"99":2,"100":2,"101":1,"102":1,"103":1,"104":1,"105":1,"106":0,"107":0,"108":0,"109":1,"110":0,"111":1,"112":1,"113":2},"f":{"0":1,"1":2,"2":3,"3":0,"4":2,"5":2,"6":2,"7":4,"8":3,"9":4,"10":1,"11":2},"b":{"0":[1,0],"1":[1,1],"2":[2,2],"3":[1,0],"4":[1,1],"5":[1,2],"6":[1,1],"7":[1,0],"8":[0,2],"9":[0,2],"10":[0,2],"11":[2,2],"12":[0,2],"13":[0,0],"14":[0,0],"15":[0,0],"16":[0,2],"17":[2,0],"18":[1,1],"19":[1,1],"20":[1,3],"21":[1,2],"22":[1,1],"23":[1,2],"24":[1,1],"25":[1,3],"26":[1,2],"27":[1,1],"28":[0,1],"29":[1,1],"30":[0,1],"31":[0,1]},"_coverageSchema":"43e27e138ebf9cfc5966b082cf9a028302ed4184","hash":"8d0b7ff4fedc2d499d3d2e48dee0839d8e2cd520"}
,"/app/src/utils/bcrypt.util.js": {"path":"/app/src/utils/bcrypt.util.js","statementMap":{"0":{"start":{"line":1,"column":18},"end":{"line":1,"column":37}},"1":{"start":{"line":2,"column":18},"end":{"line":2,"column":46}},"2":{"start":{"line":7,"column":21},"end":{"line":7,"column":49}},"3":{"start":{"line":9,"column":4},"end":{"line":9,"column":20}},"4":{"start":{"line":13,"column":18},"end":{"line":13,"column":51}},"5":{"start":{"line":15,"column":4},"end":{"line":15,"column":17}},"6":{"start":{"line":19,"column":21},"end":{"line":22,"column":6}},"7":{"start":{"line":24,"column":4},"end":{"line":24,"column":20}},"8":{"start":{"line":28,"column":0},"end":{"line":28,"column":24}}},"fnMap":{"0":{"name":"(anonymous_0)","decl":{"start":{"line":6,"column":2},"end":{"line":6,"column":3}},"loc":{"start":{"line":6,"column":30},"end":{"line":10,"column":3}},"line":6},"1":{"name":"(anonymous_1)","decl":{"start":{"line":12,"column":2},"end":{"line":12,"column":3}},"loc":{"start":{"line":12,"column":41},"end":{"line":16,"column":3}},"line":12},"2":{"name":"(anonymous_2)","decl":{"start":{"line":18,"column":2},"end":{"line":18,"column":3}},"loc":{"start":{"line":18,"column":28},"end":{"line":25,"column":3}},"line":18}},"branchMap":{},"s":{"0":2,"1":2,"2":0,"3":0,"4":0,"5":0,"6":0,"7":0,"8":2},"f":{"0":0,"1":0,"2":0},"b":{},"_coverageSchema":"43e27e138ebf9cfc5966b082cf9a028302ed4184","hash":"ae1ca16585e6e854e31f3dbb85813e437d0ad4d0"}
,"/app/src/utils/response.js": {"path":"/app/src/utils/response.js","statementMap":{"0":{"start":{"line":3,"column":4},"end":{"line":3,"column":21}},"1":{"start":{"line":4,"column":4},"end":{"line":4,"column":27}},"2":{"start":{"line":5,"column":4},"end":{"line":5,"column":19}},"3":{"start":{"line":11,"column":4},"end":{"line":11,"column":31}},"4":{"start":{"line":17,"column":4},"end":{"line":22,"column":6}},"5":{"start":{"line":28,"column":4},"end":{"line":32,"column":6}},"6":{"start":{"line":38,"column":4},"end":{"line":42,"column":6}},"7":{"start":{"line":48,"column":4},"end":{"line":52,"column":6}},"8":{"start":{"line":58,"column":4},"end":{"line":58,"column":68}},"9":{"start":{"line":64,"column":4},"end":{"line":64,"column":74}},"10":{"start":{"line":70,"column":4},"end":{"line":74,"column":6}},"11":{"start":{"line":80,"column":4},"end":{"line":80,"column":59}},"12":{"start":{"line":86,"column":4},"end":{"line":86,"column":28}},"13":{"start":{"line":90,"column":0},"end":{"line":101,"column":2}}},"fnMap":{"0":{"name":"(anonymous_0)","decl":{"start":{"line":2,"column":2},"end":{"line":2,"column":3}},"loc":{"start":{"line":2,"column":34},"end":{"line":6,"column":3}},"line":2},"1":{"name":"(anonymous_1)","decl":{"start":{"line":10,"column":2},"end":{"line":10,"column":3}},"loc":{"start":{"line":10,"column":19},"end":{"line":12,"column":3}},"line":10},"2":{"name":"(anonymous_2)","decl":{"start":{"line":16,"column":2},"end":{"line":16,"column":3}},"loc":{"start":{"line":16,"column":37},"end":{"line":23,"column":3}},"line":16},"3":{"name":"(anonymous_3)","decl":{"start":{"line":27,"column":2},"end":{"line":27,"column":3}},"loc":{"start":{"line":27,"column":37},"end":{"line":33,"column":3}},"line":27},"4":{"name":"(anonymous_4)","decl":{"start":{"line":37,"column":2},"end":{"line":37,"column":3}},"loc":{"start":{"line":37,"column":37},"end":{"line":43,"column":3}},"line":37},"5":{"name":"(anonymous_5)","decl":{"start":{"line":47,"column":2},"end":{"line":47,"column":3}},"loc":{"start":{"line":47,"column":37},"end":{"line":53,"column":3}},"line":47},"6":{"name":"(anonymous_6)","decl":{"start":{"line":57,"column":2},"end":{"line":57,"column":3}},"loc":{"start":{"line":57,"column":37},"end":{"line":59,"column":3}},"line":57},"7":{"name":"(anonymous_7)","decl":{"start":{"line":63,"column":2},"end":{"line":63,"column":3}},"loc":{"start":{"line":63,"column":37},"end":{"line":65,"column":3}},"line":63},"8":{"name":"(anonymous_8)","decl":{"start":{"line":69,"column":2},"end":{"line":69,"column":3}},"loc":{"start":{"line":69,"column":37},"end":{"line":75,"column":3}},"line":69},"9":{"name":"(anonymous_9)","decl":{"start":{"line":79,"column":2},"end":{"line":79,"column":3}},"loc":{"start":{"line":79,"column":37},"end":{"line":81,"column":3}},"line":79},"10":{"name":"(anonymous_10)","decl":{"start":{"line":85,"column":2},"end":{"line":85,"column":3}},"loc":{"start":{"line":85,"column":28},"end":{"line":87,"column":3}},"line":85}},"branchMap":{"0":{"loc":{"start":{"line":20,"column":6},"end":{"line":21,"column":75}},"type":"binary-expr","locations":[{"start":{"line":20,"column":6},"end":{"line":20,"column":14}},{"start":{"line":21,"column":8},"end":{"line":21,"column":75}}],"line":20},"1":{"loc":{"start":{"line":31,"column":6},"end":{"line":31,"column":65}},"type":"binary-expr","locations":[{"start":{"line":31,"column":6},"end":{"line":31,"column":14}},{"start":{"line":31,"column":18},"end":{"line":31,"column":65}}],"line":31},"2":{"loc":{"start":{"line":41,"column":6},"end":{"line":41,"column":69}},"type":"binary-expr","locations":[{"start":{"line":41,"column":6},"end":{"line":41,"column":14}},{"start":{"line":41,"column":18},"end":{"line":41,"column":69}}],"line":41},"3":{"loc":{"start":{"line":51,"column":6},"end":{"line":51,"column":54}},"type":"binary-expr","locations":[{"start":{"line":51,"column":6},"end":{"line":51,"column":14}},{"start":{"line":51,"column":18},"end":{"line":51,"column":54}}],"line":51},"4":{"loc":{"start":{"line":58,"column":34},"end":{"line":58,"column":66}},"type":"binary-expr","locations":[{"start":{"line":58,"column":34},"end":{"line":58,"column":42}},{"start":{"line":58,"column":46},"end":{"line":58,"column":66}}],"line":58},"5":{"loc":{"start":{"line":64,"column":37},"end":{"line":64,"column":72}},"type":"binary-expr","locations":[{"start":{"line":64,"column":37},"end":{"line":64,"column":45}},{"start":{"line":64,"column":49},"end":{"line":64,"column":72}}],"line":64},"6":{"loc":{"start":{"line":73,"column":6},"end":{"line":73,"column":58}},"type":"binary-expr","locations":[{"start":{"line":73,"column":6},"end":{"line":73,"column":14}},{"start":{"line":73,"column":18},"end":{"line":73,"column":58}}],"line":73},"7":{"loc":{"start":{"line":80,"column":26},"end":{"line":80,"column":57}},"type":"binary-expr","locations":[{"start":{"line":80,"column":26},"end":{"line":80,"column":34}},{"start":{"line":80,"column":38},"end":{"line":80,"column":57}}],"line":80}},"s":{"0":39,"1":39,"2":39,"3":0,"4":33,"5":2,"6":4,"7":0,"8":0,"9":0,"10":0,"11":0,"12":0,"13":1},"f":{"0":39,"1":0,"2":33,"3":2,"4":4,"5":0,"6":0,"7":0,"8":0,"9":0,"10":0},"b":{"0":[33,33],"1":[2,2],"2":[4,4],"3":[0,0],"4":[0,0],"5":[0,0],"6":[0,0],"7":[0,0]},"_coverageSchema":"43e27e138ebf9cfc5966b082cf9a028302ed4184","hash":"f758ad8417f2b030118d62d437ddb4cc9cdaa3d4"}
,"/app/src/utils/uuid.utils.js": {"path":"/app/src/utils/uuid.utils.js","statementMap":{"0":{"start":{"line":1,"column":12},"end":{"line":1,"column":29}},"1":{"start":{"line":8,"column":21},"end":{"line":12,"column":1}},"2":{"start":{"line":11,"column":1},"end":{"line":11,"column":19}},"3":{"start":{"line":14,"column":0},"end":{"line":14,"column":34}}},"fnMap":{"0":{"name":"(anonymous_0)","decl":{"start":{"line":8,"column":21},"end":{"line":8,"column":22}},"loc":{"start":{"line":8,"column":27},"end":{"line":12,"column":1}},"line":8}},"branchMap":{},"s":{"0":1,"1":1,"2":32,"3":1},"f":{"0":32},"b":{},"_coverageSchema":"43e27e138ebf9cfc5966b082cf9a028302ed4184","hash":"fd10c8ff0b453e69ff6763d81150d332880c1f89"}
}
