TN:
SF:/app/src/config.js
FN:13,(anonymous_0)
FNF:1
FNH:1
FNDA:40,(anonymous_0)
DA:2,5
DA:13,5
DA:14,40
DA:15,0
DA:19,5
DA:23,5
DA:29,5
DA:36,5
LF:8
LH:7
BRDA:14,0,0,0
BRDA:14,0,1,40
BRF:2
BRH:1
end_of_record
TN:
SF:/app/src/controllers/user.controller.js
FN:14,(anonymous_0)
FN:105,(anonymous_1)
FN:145,(anonymous_2)
FN:163,(anonymous_3)
FN:204,(anonymous_4)
FN:232,(anonymous_5)
FN:259,(anonymous_6)
FN:287,(anonymous_7)
FN:327,(anonymous_8)
FN:403,(anonymous_9)
FN:451,(anonymous_10)
FN:490,(anonymous_11)
FN:530,(anonymous_12)
FN:578,(anonymous_13)
FN:616,(anonymous_14)
FNF:15
FNH:11
FNDA:6,(anonymous_0)
FNDA:4,(anonymous_1)
FNDA:1,(anonymous_2)
FNDA:3,(anonymous_3)
FNDA:2,(anonymous_4)
FNDA:0,(anonymous_5)
FNDA:3,(anonymous_6)
FNDA:3,(anonymous_7)
FNDA:2,(anonymous_8)
FNDA:3,(anonymous_9)
FNDA:2,(anonymous_10)
FNDA:3,(anonymous_11)
FNDA:0,(anonymous_12)
FNDA:0,(anonymous_13)
FNDA:0,(anonymous_14)
DA:1,1
DA:2,1
DA:3,1
DA:11,1
DA:15,6
DA:17,6
DA:32,6
DA:34,6
DA:41,5
DA:46,5
DA:49,1
DA:57,1
DA:62,1
DA:65,0
DA:66,0
DA:81,0
DA:85,0
DA:86,0
DA:91,0
DA:93,0
DA:94,0
DA:95,0
DA:96,0
DA:97,0
DA:98,0
DA:99,0
DA:106,4
DA:107,4
DA:109,4
DA:111,4
DA:112,2
DA:117,2
DA:120,2
DA:121,2
DA:123,1
DA:124,1
DA:126,1
DA:128,1
DA:129,1
DA:130,1
DA:132,1
DA:133,0
DA:134,1
DA:135,1
DA:138,0
DA:139,0
DA:146,1
DA:148,1
DA:150,1
DA:152,1
DA:153,1
DA:154,1
DA:156,1
DA:158,0
DA:159,0
DA:164,3
DA:166,3
DA:168,3
DA:170,3
DA:171,1
DA:176,1
DA:179,2
DA:180,2
DA:181,2
DA:183,2
DA:185,0
DA:187,0
DA:188,0
DA:189,0
DA:191,0
DA:192,0
DA:193,0
DA:194,0
DA:197,0
DA:198,0
DA:205,2
DA:207,2
DA:209,2
DA:211,2
DA:212,1
DA:217,1
DA:220,1
DA:221,1
DA:223,1
DA:224,1
DA:226,0
DA:228,0
DA:233,0
DA:235,0
DA:237,0
DA:239,0
DA:240,0
DA:245,0
DA:248,0
DA:249,0
DA:250,0
DA:251,0
DA:253,0
DA:255,0
DA:260,3
DA:262,3
DA:264,3
DA:266,3
DA:267,1
DA:272,1
DA:275,2
DA:276,2
DA:278,2
DA:279,2
DA:281,0
DA:283,0
DA:288,3
DA:290,3
DA:291,3
DA:293,3
DA:294,1
DA:299,1
DA:302,2
DA:303,2
DA:305,2
DA:306,1
DA:308,1
DA:310,1
DA:311,1
DA:312,1
DA:314,1
DA:315,0
DA:316,1
DA:317,1
DA:320,0
DA:321,0
DA:328,2
DA:330,2
DA:342,2
DA:343,2
DA:344,2
DA:346,2
DA:357,1
DA:362,1
DA:365,1
DA:366,1
DA:368,1
DA:382,1
DA:384,0
DA:386,0
DA:387,0
DA:388,0
DA:390,0
DA:391,0
DA:392,0
DA:393,0
DA:396,0
DA:397,0
DA:404,3
DA:406,3
DA:408,3
DA:409,3
DA:410,3
DA:412,3
DA:416,2
DA:421,2
DA:424,1
DA:425,1
DA:426,1
DA:428,0
DA:430,0
DA:431,0
DA:432,0
DA:434,0
DA:435,0
DA:436,0
DA:437,0
DA:440,0
DA:441,0
DA:444,0
DA:445,0
DA:452,2
DA:454,2
DA:456,2
DA:458,2
DA:459,1
DA:464,1
DA:467,1
DA:468,1
DA:469,1
DA:471,0
DA:473,0
DA:474,0
DA:475,0
DA:477,0
DA:478,0
DA:479,0
DA:480,0
DA:483,0
DA:484,0
DA:491,3
DA:493,3
DA:494,3
DA:496,3
DA:497,2
DA:502,2
DA:505,1
DA:506,1
DA:508,1
DA:509,1
DA:511,0
DA:513,0
DA:514,0
DA:515,0
DA:517,0
DA:518,0
DA:519,0
DA:520,0
DA:523,0
DA:524,0
DA:531,0
DA:533,0
DA:535,0
DA:536,0
DA:537,0
DA:539,0
DA:540,0
DA:545,0
DA:548,0
DA:549,0
DA:551,0
DA:553,0
DA:555,0
DA:557,0
DA:558,0
DA:559,0
DA:561,0
DA:562,0
DA:563,0
DA:564,0
DA:567,0
DA:568,0
DA:571,0
DA:572,0
DA:579,0
DA:581,0
DA:583,0
DA:584,0
DA:586,0
DA:587,0
DA:589,0
DA:591,0
DA:593,0
DA:595,0
DA:596,0
DA:597,0
DA:599,0
DA:600,0
DA:601,0
DA:602,0
DA:605,0
DA:606,0
DA:609,0
DA:610,0
DA:617,0
DA:619,0
DA:621,0
DA:623,0
DA:624,0
DA:625,0
DA:626,0
DA:628,0
DA:630,0
DA:634,1
LF:269
LH:127
BRDA:34,0,0,5
BRDA:34,0,1,1
BRDA:35,1,0,6
BRDA:35,1,1,5
BRDA:35,1,2,4
BRDA:35,1,3,3
BRDA:35,1,4,2
BRDA:49,2,0,1
BRDA:49,2,1,0
BRDA:50,3,0,1
BRDA:50,3,1,0
BRDA:50,3,2,1
BRDA:50,3,3,1
BRDA:50,3,4,0
BRDA:50,3,5,0
BRDA:50,3,6,0
BRDA:50,3,7,0
BRDA:50,3,8,0
BRDA:50,3,9,0
BRDA:96,4,0,0
BRDA:96,4,1,0
BRDA:98,5,0,0
BRDA:98,5,1,0
BRDA:111,6,0,2
BRDA:111,6,1,2
BRDA:111,7,0,4
BRDA:111,7,1,3
BRDA:132,8,0,0
BRDA:132,8,1,1
BRDA:134,9,0,1
BRDA:134,9,1,0
BRDA:138,10,0,0
BRDA:138,10,1,0
BRDA:170,11,0,1
BRDA:170,11,1,2
BRDA:170,12,0,3
BRDA:170,12,1,2
BRDA:191,13,0,0
BRDA:191,13,1,0
BRDA:193,14,0,0
BRDA:193,14,1,0
BRDA:197,15,0,0
BRDA:197,15,1,0
BRDA:211,16,0,1
BRDA:211,16,1,1
BRDA:211,17,0,2
BRDA:211,17,1,1
BRDA:239,18,0,0
BRDA:239,18,1,0
BRDA:239,19,0,0
BRDA:239,19,1,0
BRDA:266,20,0,1
BRDA:266,20,1,2
BRDA:293,21,0,1
BRDA:293,21,1,2
BRDA:314,22,0,0
BRDA:314,22,1,1
BRDA:316,23,0,1
BRDA:316,23,1,0
BRDA:320,24,0,0
BRDA:320,24,1,0
BRDA:346,25,0,1
BRDA:346,25,1,1
BRDA:347,26,0,2
BRDA:347,26,1,2
BRDA:347,26,2,1
BRDA:347,26,3,1
BRDA:347,26,4,1
BRDA:347,26,5,1
BRDA:347,26,6,1
BRDA:347,26,7,1
BRDA:347,26,8,1
BRDA:390,27,0,0
BRDA:390,27,1,0
BRDA:392,28,0,0
BRDA:392,28,1,0
BRDA:396,29,0,0
BRDA:396,29,1,0
BRDA:412,30,0,2
BRDA:412,30,1,1
BRDA:413,31,0,3
BRDA:413,31,1,2
BRDA:434,32,0,0
BRDA:434,32,1,0
BRDA:436,33,0,0
BRDA:436,33,1,0
BRDA:440,34,0,0
BRDA:440,34,1,0
BRDA:444,35,0,0
BRDA:444,35,1,0
BRDA:458,36,0,1
BRDA:458,36,1,1
BRDA:477,37,0,0
BRDA:477,37,1,0
BRDA:479,38,0,0
BRDA:479,38,1,0
BRDA:483,39,0,0
BRDA:483,39,1,0
BRDA:496,40,0,2
BRDA:496,40,1,1
BRDA:496,41,0,3
BRDA:496,41,1,2
BRDA:517,42,0,0
BRDA:517,42,1,0
BRDA:519,43,0,0
BRDA:519,43,1,0
BRDA:523,44,0,0
BRDA:523,44,1,0
BRDA:539,45,0,0
BRDA:539,45,1,0
BRDA:561,46,0,0
BRDA:561,46,1,0
BRDA:563,47,0,0
BRDA:563,47,1,0
BRDA:567,48,0,0
BRDA:567,48,1,0
BRDA:571,49,0,0
BRDA:571,49,1,0
BRDA:599,50,0,0
BRDA:599,50,1,0
BRDA:601,51,0,0
BRDA:601,51,1,0
BRDA:605,52,0,0
BRDA:605,52,1,0
BRDA:609,53,0,0
BRDA:609,53,1,0
BRF:126
BRH:52
end_of_record
TN:
SF:/app/src/dao/token.dao.js
FN:4,(anonymous_0)
FN:15,(anonymous_1)
FN:22,(anonymous_2)
FN:28,(anonymous_3)
FNF:4
FNH:0
FNDA:0,(anonymous_0)
FNDA:0,(anonymous_1)
FNDA:0,(anonymous_2)
FNDA:0,(anonymous_3)
DA:1,3
DA:5,0
DA:12,0
DA:16,0
DA:19,0
DA:23,0
DA:25,0
DA:29,0
DA:31,0
DA:35,3
LF:10
LH:2
BRF:0
BRH:0
end_of_record
TN:
SF:/app/src/dao/user.dao.js
FN:4,(anonymous_0)
FN:13,(anonymous_1)
FN:19,(anonymous_2)
FN:25,(anonymous_3)
FN:121,(anonymous_4)
FN:127,(anonymous_5)
FN:133,(anonymous_6)
FN:139,(anonymous_7)
FN:146,(anonymous_8)
FN:168,(anonymous_9)
FNF:10
FNH:0
FNDA:0,(anonymous_0)
FNDA:0,(anonymous_1)
FNDA:0,(anonymous_2)
FNDA:0,(anonymous_3)
FNDA:0,(anonymous_4)
FNDA:0,(anonymous_5)
FNDA:0,(anonymous_6)
FNDA:0,(anonymous_7)
FNDA:0,(anonymous_8)
FNDA:0,(anonymous_9)
DA:1,2
DA:5,0
DA:10,0
DA:14,0
DA:16,0
DA:20,0
DA:22,0
DA:37,0
DA:38,0
DA:39,0
DA:41,0
DA:42,0
DA:43,0
DA:45,0
DA:48,0
DA:49,0
DA:51,0
DA:52,0
DA:54,0
DA:56,0
DA:57,0
DA:59,0
DA:60,0
DA:62,0
DA:64,0
DA:65,0
DA:67,0
DA:68,0
DA:70,0
DA:72,0
DA:73,0
DA:75,0
DA:76,0
DA:78,0
DA:80,0
DA:81,0
DA:83,0
DA:84,0
DA:86,0
DA:88,0
DA:89,0
DA:91,0
DA:92,0
DA:94,0
DA:96,0
DA:97,0
DA:99,0
DA:100,0
DA:102,0
DA:105,0
DA:106,0
DA:108,0
DA:109,0
DA:111,0
DA:114,0
DA:116,0
DA:118,0
DA:122,0
DA:124,0
DA:128,0
DA:130,0
DA:134,0
DA:136,0
DA:140,0
DA:143,0
DA:147,0
DA:150,0
DA:151,0
DA:153,0
DA:154,0
DA:155,0
DA:157,0
DA:160,0
DA:161,0
DA:162,0
DA:165,0
DA:169,0
DA:171,0
DA:175,2
LF:79
LH:2
BRDA:41,0,0,0
BRDA:41,0,1,0
BRDA:48,1,0,0
BRDA:48,1,1,0
BRDA:49,2,0,0
BRDA:49,2,1,0
BRDA:56,3,0,0
BRDA:56,3,1,0
BRDA:57,4,0,0
BRDA:57,4,1,0
BRDA:64,5,0,0
BRDA:64,5,1,0
BRDA:65,6,0,0
BRDA:65,6,1,0
BRDA:72,7,0,0
BRDA:72,7,1,0
BRDA:73,8,0,0
BRDA:73,8,1,0
BRDA:80,9,0,0
BRDA:80,9,1,0
BRDA:81,10,0,0
BRDA:81,10,1,0
BRDA:88,11,0,0
BRDA:88,11,1,0
BRDA:89,12,0,0
BRDA:89,12,1,0
BRDA:96,13,0,0
BRDA:96,13,1,0
BRDA:97,14,0,0
BRDA:97,14,1,0
BRDA:105,15,0,0
BRDA:105,15,1,0
BRDA:106,16,0,0
BRDA:106,16,1,0
BRDA:153,17,0,0
BRDA:153,17,1,0
BRDA:153,18,0,0
BRDA:153,18,1,0
BRDA:160,19,0,0
BRDA:160,19,1,0
BRDA:160,20,0,0
BRDA:160,20,1,0
BRF:42
BRH:0
end_of_record
TN:
SF:/app/src/repositories/main.repository.js
FN:9,(anonymous_0)
FN:19,(anonymous_1)
FN:26,(anonymous_2)
FN:27,(anonymous_3)
FNF:4
FNH:0
FNDA:0,(anonymous_0)
FNDA:0,(anonymous_1)
FNDA:0,(anonymous_2)
FNDA:0,(anonymous_3)
DA:1,4
DA:2,4
DA:4,4
DA:9,4
DA:10,0
DA:12,0
DA:13,0
DA:19,4
DA:26,4
DA:27,4
DA:29,4
LF:11
LH:8
BRF:0
BRH:0
end_of_record
TN:
SF:/app/src/repositories/mysql.repository.js
FN:6,(anonymous_0)
FN:14,(anonymous_1)
FN:24,(anonymous_2)
FN:48,(anonymous_3)
FN:49,(anonymous_4)
FN:50,(anonymous_5)
FN:64,(anonymous_6)
FN:85,(anonymous_7)
FNF:8
FNH:0
FNDA:0,(anonymous_0)
FNDA:0,(anonymous_1)
FNDA:0,(anonymous_2)
FNDA:0,(anonymous_3)
FNDA:0,(anonymous_4)
FNDA:0,(anonymous_5)
FNDA:0,(anonymous_6)
FNDA:0,(anonymous_7)
DA:1,4
DA:2,4
DA:3,4
DA:7,0
DA:8,0
DA:9,0
DA:10,0
DA:11,0
DA:15,0
DA:24,0
DA:25,0
DA:26,0
DA:27,0
DA:28,0
DA:29,0
DA:30,0
DA:31,0
DA:33,0
DA:35,0
DA:37,0
DA:38,0
DA:42,0
DA:49,0
DA:50,0
DA:51,0
DA:52,0
DA:54,0
DA:65,0
DA:66,0
DA:69,0
DA:70,0
DA:72,0
DA:73,0
DA:74,0
DA:75,0
DA:77,0
DA:80,0
DA:81,0
DA:86,0
DA:90,4
LF:40
LH:4
BRDA:25,0,0,0
BRDA:25,0,1,0
BRDA:26,1,0,0
BRDA:26,1,1,0
BRDA:28,2,0,0
BRDA:28,2,1,0
BRDA:30,3,0,0
BRDA:30,3,1,0
BRDA:37,4,0,0
BRDA:37,4,1,0
BRDA:51,5,0,0
BRDA:51,5,1,0
BRF:12
BRH:0
end_of_record
TN:
SF:/app/src/services/token.service.js
FN:6,(anonymous_0)
FN:23,(anonymous_1)
FN:35,(anonymous_2)
FN:47,(anonymous_3)
FNF:4
FNH:0
FNDA:0,(anonymous_0)
FNDA:0,(anonymous_1)
FNDA:0,(anonymous_2)
FNDA:0,(anonymous_3)
DA:1,2
DA:2,2
DA:3,2
DA:7,0
DA:8,0
DA:10,0
DA:12,0
DA:14,0
DA:15,0
DA:17,0
DA:20,0
DA:24,0
DA:25,0
DA:27,0
DA:29,0
DA:30,0
DA:32,0
DA:36,0
DA:37,0
DA:39,0
DA:41,0
DA:42,0
DA:44,0
DA:48,0
DA:52,2
LF:25
LH:4
BRF:0
BRH:0
end_of_record
TN:
SF:/app/src/services/user.service.js
FN:7,(anonymous_0)
FN:49,(anonymous_1)
FN:88,(anonymous_2)
FN:120,(anonymous_3)
FN:124,(anonymous_4)
FN:140,(anonymous_5)
FN:202,(anonymous_6)
FN:210,(anonymous_7)
FN:232,(anonymous_8)
FN:276,(anonymous_9)
FN:309,(anonymous_10)
FN:328,(anonymous_11)
FNF:12
FNH:11
FNDA:1,(anonymous_0)
FNDA:2,(anonymous_1)
FNDA:3,(anonymous_2)
FNDA:0,(anonymous_3)
FNDA:2,(anonymous_4)
FNDA:2,(anonymous_5)
FNDA:2,(anonymous_6)
FNDA:4,(anonymous_7)
FNDA:3,(anonymous_8)
FNDA:4,(anonymous_9)
FNDA:1,(anonymous_10)
FNDA:2,(anonymous_11)
DA:1,2
DA:2,2
DA:3,2
DA:4,2
DA:21,1
DA:22,1
DA:23,1
DA:25,1
DA:26,1
DA:28,0
DA:30,0
DA:46,0
DA:50,2
DA:51,2
DA:52,2
DA:54,2
DA:55,1
DA:61,1
DA:62,1
DA:64,0
DA:65,0
DA:67,0
DA:69,0
DA:85,0
DA:89,3
DA:90,3
DA:91,1
DA:97,2
DA:99,2
DA:100,1
DA:106,1
DA:110,1
DA:111,1
DA:117,0
DA:121,0
DA:127,2
DA:128,0
DA:129,2
DA:131,2
DA:132,0
DA:137,2
DA:141,2
DA:142,0
DA:150,2
DA:151,0
DA:152,0
DA:153,0
DA:154,0
DA:155,0
DA:159,0
DA:163,2
DA:164,2
DA:167,2
DA:171,0
DA:176,2
DA:177,1
DA:179,1
DA:182,2
DA:189,2
DA:196,2
DA:203,2
DA:206,2
DA:207,2
DA:211,4
DA:213,4
DA:214,1
DA:219,3
DA:221,3
DA:222,3
DA:224,3
DA:225,1
DA:226,2
DA:228,1
DA:245,3
DA:246,3
DA:247,1
DA:253,2
DA:255,2
DA:256,1
DA:262,1
DA:277,4
DA:278,4
DA:279,1
DA:285,3
DA:286,3
DA:287,1
DA:293,2
DA:297,2
DA:298,1
DA:304,1
DA:306,1
DA:310,1
DA:312,1
DA:313,0
DA:314,0
DA:316,0
DA:318,0
DA:320,1
DA:329,2
DA:331,2
DA:332,1
DA:337,1
DA:339,1
DA:340,1
DA:342,1
DA:343,0
DA:347,0
DA:348,0
DA:349,1
DA:351,1
DA:352,1
DA:357,2
LF:112
LH:85
BRDA:25,0,0,1
BRDA:25,0,1,0
BRDA:54,1,0,1
BRDA:54,1,1,1
BRDA:54,2,0,2
BRDA:54,2,1,2
BRDA:61,3,0,1
BRDA:61,3,1,0
BRDA:61,4,0,1
BRDA:61,4,1,1
BRDA:90,5,0,1
BRDA:90,5,1,2
BRDA:99,6,0,1
BRDA:99,6,1,1
BRDA:110,7,0,1
BRDA:110,7,1,0
BRDA:127,8,0,0
BRDA:127,8,1,2
BRDA:131,9,0,0
BRDA:131,9,1,2
BRDA:141,10,0,0
BRDA:141,10,1,2
BRDA:141,11,0,2
BRDA:141,11,1,2
BRDA:150,12,0,0
BRDA:150,12,1,2
BRDA:152,13,0,0
BRDA:152,13,1,0
BRDA:155,14,0,0
BRDA:155,14,1,0
BRDA:156,15,0,0
BRDA:156,15,1,0
BRDA:167,16,0,0
BRDA:167,16,1,2
BRDA:168,17,0,2
BRDA:168,17,1,0
BRDA:176,18,0,1
BRDA:176,18,1,1
BRDA:206,19,0,1
BRDA:206,19,1,1
BRDA:213,20,0,1
BRDA:213,20,1,3
BRDA:224,21,0,1
BRDA:224,21,1,2
BRDA:226,22,0,1
BRDA:226,22,1,1
BRDA:246,23,0,1
BRDA:246,23,1,2
BRDA:255,24,0,1
BRDA:255,24,1,1
BRDA:278,25,0,1
BRDA:278,25,1,3
BRDA:286,26,0,1
BRDA:286,26,1,2
BRDA:297,27,0,1
BRDA:297,27,1,1
BRDA:312,28,0,0
BRDA:312,28,1,1
BRDA:331,29,0,1
BRDA:331,29,1,1
BRDA:342,30,0,0
BRDA:342,30,1,1
BRDA:349,31,0,0
BRDA:349,31,1,1
BRF:64
BRH:46
end_of_record
TN:
SF:/app/src/utils/bcrypt.util.js
FN:6,(anonymous_0)
FN:12,(anonymous_1)
FN:18,(anonymous_2)
FNF:3
FNH:0
FNDA:0,(anonymous_0)
FNDA:0,(anonymous_1)
FNDA:0,(anonymous_2)
DA:1,2
DA:2,2
DA:7,0
DA:9,0
DA:13,0
DA:15,0
DA:19,0
DA:24,0
DA:28,2
LF:9
LH:3
BRF:0
BRH:0
end_of_record
TN:
SF:/app/src/utils/response.js
FN:2,(anonymous_0)
FN:10,(anonymous_1)
FN:16,(anonymous_2)
FN:27,(anonymous_3)
FN:37,(anonymous_4)
FN:47,(anonymous_5)
FN:57,(anonymous_6)
FN:63,(anonymous_7)
FN:69,(anonymous_8)
FN:79,(anonymous_9)
FN:85,(anonymous_10)
FNF:11
FNH:4
FNDA:39,(anonymous_0)
FNDA:0,(anonymous_1)
FNDA:33,(anonymous_2)
FNDA:2,(anonymous_3)
FNDA:4,(anonymous_4)
FNDA:0,(anonymous_5)
FNDA:0,(anonymous_6)
FNDA:0,(anonymous_7)
FNDA:0,(anonymous_8)
FNDA:0,(anonymous_9)
FNDA:0,(anonymous_10)
DA:3,39
DA:4,39
DA:5,39
DA:11,0
DA:17,33
DA:28,2
DA:38,4
DA:48,0
DA:58,0
DA:64,0
DA:70,0
DA:80,0
DA:86,0
DA:90,1
LF:14
LH:7
BRDA:20,0,0,33
BRDA:20,0,1,33
BRDA:31,1,0,2
BRDA:31,1,1,2
BRDA:41,2,0,4
BRDA:41,2,1,4
BRDA:51,3,0,0
BRDA:51,3,1,0
BRDA:58,4,0,0
BRDA:58,4,1,0
BRDA:64,5,0,0
BRDA:64,5,1,0
BRDA:73,6,0,0
BRDA:73,6,1,0
BRDA:80,7,0,0
BRDA:80,7,1,0
BRF:16
BRH:6
end_of_record
TN:
SF:/app/src/utils/uuid.utils.js
FN:8,(anonymous_0)
FNF:1
FNH:1
FNDA:32,(anonymous_0)
DA:1,1
DA:8,1
DA:11,32
DA:14,1
LF:4
LH:4
BRF:0
BRH:0
end_of_record
